[maryinvite.ru/journey.html]
[backblue.gif]
[fade.gif]
[index.html]
[static.tildacdn.com/tild3733-3630-4965-a265-633263636237/25219.jpg]
[neo.tildacdn.com/js/tilda-fallback-1.0.min.js]
[static.tildacdn.com/css/tilda-grid-3.0.min.css]
[static.tildacdn.com/ws/project5119913/tilda-blocks-page64786491.min6ba5.css]
[static.tildacdn.com/css/tilda-animation-2.0.min.css]
[static.tildacdn.com/css/tilda-forms-1.0.min.css]
[static.tildacdn.com/css/tilda-popup-1.1.min.css]
[static.tildacdn.com/css/tilda-slds-1.4.min.css]
[static.tildacdn.com/css/tilda-catalog-1.1.min.css]
[static.tildacdn.com/css/tilda-zoom-2.0.min.css]
[static.tildacdn.com/js/tilda-polyfill-1.0.min.js]
[static.tildacdn.com/js/jquery-1.10.2.min.js]
[static.tildacdn.com/js/tilda-scripts-3.0.min.js]
[static.tildacdn.com/ws/project5119913/tilda-blocks-page64786491.min6ba5.js]
[static.tildacdn.com/js/tilda-lazyload-1.0.min.js]
[static.tildacdn.com/js/tilda-animation-2.0.min.js]
[maryinvite.ru/OPR/index.html]
[static.tildacdn.com/js/tilda-zero-1.1.min.js]
[static.tildacdn.com/js/tilda-forms-1.0.min.js]
[static.tildacdn.com/js/hammer.min.js]
[static.tildacdn.com/js/tilda-slds-1.4.min.js]
[static.tildacdn.com/js/tilda-products-1.0.min.js]
[static.tildacdn.com/js/tilda-catalog-1.1.min.js]
[static.tildacdn.com/js/tilda-zero-forms-1.0.min.js]
[static.tildacdn.com/js/tilda-animation-sbs-1.0.min.js]
[static.tildacdn.com/js/tilda-zoom-2.0.min.js]
[static.tildacdn.com/js/tilda-zero-scale-1.0.min.js]
[static.tildacdn.com/js/tilda-events-1.0.min.js]
[cdn.abros.dev/tilab/tilab.js]
[static.tildacdn.com/tild3233-6264-4966-a331-633338383631/11_.svg]
[static.tildacdn.com/tild3165-3966-4636-b166-396530323365/2025.svg]
[static.tildacdn.com/tild3362-3530-4961-b337-303661373661/_.svg]
[thb.tildacdn.com/tild3339-6531-4938-a231-323330653762/-/resize/20x/_.png]
[cdnjs.cloudflare.com/ajax/libs/gsap/3.2.6/gsap.min.js]
[cdnjs.cloudflare.com/ajax/libs/gsap/3.4.0/CSSRulePlugin.min.js]
[cdn.jsdelivr.net/npm/tsparticles@2.11.0/tsparticles.bundle.min.js]
[static.tildacdn.com/tild3837-3532-4231-b936-613631626366/photo.png]
[static.tildacdn.com/tild6535-3930-4832-b862-393531303865/dsrk.png]
[static.tildacdn.com/tild6263-6230-4361-b936-636533663835/___A.svg]
[static.tildacdn.com/tild6535-6239-4738-b039-356566653265/photo.svg]
[static.tildacdn.com/tild6666-6332-4434-b666-623736363264/photo.svg]
[static.tildacdn.com/tild6133-3334-4863-b730-623935643065/rfhnf.svg]
[static.tildacdn.com/tild3635-6562-4761-a564-633430393566/save_our_date.svg]
[static.tildacdn.com/tild3331-3463-4366-a635-613031623566/Vector.svg]
[static.tildacdn.com/tild6665-3139-4931-b837-643534366265/photo.svg]
[static.tildacdn.com/tild3134-3838-4330-a166-666133653633/Objects.svg]
[thb.tildacdn.com/tild3930-3630-4364-b237-613961333138/-/resize/20x/_.png]
[thb.tildacdn.com/tild3538-3135-4762-b436-323739303336/-/resize/20x/photo.png]
[thb.tildacdn.com/tild6639-3363-4030-a337-316263616238/-/resize/20x/photo.png]
[thb.tildacdn.com/tild3462-3463-4136-b132-346133323837/-/resize/20x/photo.png]
[thb.tildacdn.com/tild6433-3137-4263-b133-653161333463/-/resize/20x/couple-resting-toget.jpg]
[thb.tildacdn.com/tild3462-3630-4137-a261-633237383336/-/resize/20x/photo.png]
[static.tildacdn.com/tild3632-3639-4330-a138-373135643338/I_love_you.svg]
[thb.tildacdn.com/tild3163-3334-4366-b838-303130333531/-/resize/20x/photo.png]
[static.tildacdn.com/tild6264-3030-4464-b032-623130316664/_-_.svg]
[static.tildacdn.com/tild6534-3933-4931-a536-626562346535/BLACK.svg]
[static.tildacdn.com/tild3966-3864-4330-b065-373334383532/STYLE.svg]
[thb.tildacdn.com/tild6263-3335-4061-b332-303538653438/-/resize/20x/_.jpg]
[static.tildacdn.com/tild3234-3636-4238-b239-393161326133/photo.svg]
[static.tildacdn.com/tild3737-3731-4933-b036-363433336335/__.svg]
[megatimer.ru/get/e13fc290c0ed9ae08d748cf30ce15bc0.js]
[static.tildacdn.com/tild6565-6437-4331-a164-613366366333/photo.svg]
[static.tildacdn.com/tild3663-3630-4330-a265-353665386132/photo.svg]
[static.tildacdn.com/tild3236-3038-4139-b630-656530626536/_.svg]
[static.tildacdn.com/js/tilda-variant-select-1.0.min.js]
[static.tildacdn.com/tild6639-3966-4362-a436-336635626434/___.svg]
[static.tildacdn.com/tild3331-3732-4331-b161-316565646134/____.svg]
[maryinvite.ru/catalog.html]
[maryinvite.ru/blackwhite.html]
[thb.tildacdn.com/tild6132-6436-4536-b965-633164353561/-/resizeb/20x/photo.jpg]
[maryinvite.ru/story.html]
[thb.tildacdn.com/tild6366-3332-4736-b638-396263626362/-/resizeb/20x/photo.jpg]
[maryinvite.ru/journey.html]
[static.tildacdn.com/css/tilda-grid-3.0.min.css]
[static.tildacdn.com/js/tilda-stat-1.0.min.js]
[static.tildacdn.com/tild6263-3365-4433-b337-623132313864/PlayfairDisplay.woff]
[static.tildacdn.com/tild3138-6535-4261-b831-323665333962/marianna.woff]
[static.tildacdn.com/tild6631-3231-4933-b135-393339306438/Montserrat-Light.woff]
[static.tildacdn.com/tild6432-3765-4963-a162-336334356133/Forum-Regular.woff]
[static.tildacdn.com/tild3636-3338-4434-a531-383532383536/timesnewromanpsmt.woff]
[static.tildacdn.com/tild3833-6639-4730-b632-363930313034/FuturaBookC.woff]
[static.tildacdn.com/tild3137-3935-4163-a335-383161336530/FuturaLightC.woff]
[static.tildacdn.com/tild6462-6235-4234-b335-323535366661/Floriselscript.woff]
[static.tildacdn.com/ws/project5119913/tilda-blocks-page64786491.min6ba5.css]
[static.tildacdn.com/css/tilda-animation-2.0.min.css]
[static.tildacdn.com/css/tilda-forms-1.0.min.css]
[static.tildacdn.com/css/tilda-popup-1.1.min.css]
[static.tildacdn.com/css/tilda-slds-1.4.min.css]
[static.tildacdn.com/css/tilda-catalog-1.1.min.css]
[static.tildacdn.com/css/tilda-zoom-2.0.min.css]
[maryinvite.ru/OPR/index.html]
[static.tildacdn.com/tild3233-6264-4966-a331-633338383631/11_.svg]
[static.tildacdn.com/tild3165-3966-4636-b166-396530323365/2025.svg]
[static.tildacdn.com/tild3362-3530-4961-b337-303661373661/_.svg]
[static.tildacdn.com/tild6263-6230-4361-b936-636533663835/___A.svg]
[static.tildacdn.com/tild6535-6239-4738-b039-356566653265/photo.svg]
[static.tildacdn.com/tild6666-6332-4434-b666-623736363264/photo.svg]
[static.tildacdn.com/tild6133-3334-4863-b730-623935643065/rfhnf.svg]
[static.tildacdn.com/tild3635-6562-4761-a564-633430393566/save_our_date.svg]
[static.tildacdn.com/tild3331-3463-4366-a635-613031623566/Vector.svg]
[static.tildacdn.com/tild6665-3139-4931-b837-643534366265/photo.svg]
[static.tildacdn.com/tild3134-3838-4330-a166-666133653633/Objects.svg]
[static.tildacdn.com/tild3632-3639-4330-a138-373135643338/I_love_you.svg]
[static.tildacdn.com/tild6264-3030-4464-b032-623130316664/_-_.svg]
[static.tildacdn.com/tild6534-3933-4931-a536-626562346535/BLACK.svg]
[static.tildacdn.com/tild3966-3864-4330-b065-373334383532/STYLE.svg]
[static.tildacdn.com/tild3234-3636-4238-b239-393161326133/photo.svg]
[static.tildacdn.com/tild3737-3731-4933-b036-363433336335/__.svg]
[static.tildacdn.com/tild6565-6437-4331-a164-613366366333/photo.svg]
[static.tildacdn.com/tild3663-3630-4330-a265-353665386132/photo.svg]
[static.tildacdn.com/tild3236-3038-4139-b630-656530626536/_.svg]
[static.tildacdn.com/tild6639-3966-4362-a436-336635626434/___.svg]
[static.tildacdn.com/tild3331-3732-4331-b161-316565646134/____.svg]
[static.tildacdn.com/tild6631-6438-4639-b138-343435303433/AlayaRozaDemo.woff]
[static.tildacdn.com/tild3937-3261-4061-b266-363432326330/logo2.jpg]
[static.tildacdn.com/ws/project5119913/tilda-blocks-page55951139.min6ba5.css]
[static.tildacdn.com/ws/project5119913/tilda-blocks-page55951139.min6ba5.js]
[static.tildacdn.com/tild6266-3861-4462-b663-306132366264/Group_1321314469.svg]
[maryinvite.ru/letter.html]
[thb.tildacdn.com/tild3835-6563-4234-a665-343434313765/-/resizeb/20x/photo.jpg]
[maryinvite.ru/shabbychic.html]
[thb.tildacdn.com/tild6433-6633-4466-b637-626539353334/-/resizeb/20x/photo.jpg]
[thb.tildacdn.com/tild3331-6364-4862-b562-646438623264/-/resizeb/20x/photo.jpg]
[maryinvite.ru/index.html]
[maryinvite.ru/angels.html]
[thb.tildacdn.com/tild3462-3135-4531-b866-663439613061/-/resizeb/20x/photo.jpg]
[maryinvite.ru/childhood.html]
[thb.tildacdn.com/tild6135-3936-4564-a363-653862373836/-/resizeb/20x/photo.jpg]
[maryinvite.ru/thread.html]
[thb.tildacdn.com/tild6632-3939-4266-b465-383831366235/-/resizeb/20x/photo.jpg]
[maryinvite.ru/warm_memories.html]
[thb.tildacdn.com/tild6130-3661-4037-b062-613766626231/-/resizeb/20x/photo.jpg]
[thb.tildacdn.com/tild3364-3636-4138-b763-626436336362/-/resizeb/20x/photo.jpg]
[maryinvite.ru/timeless_classic.html]
[maryinvite.ru/sea.html]
[thb.tildacdn.com/tild3235-6463-4338-b463-613566613363/-/resizeb/20x/_.jpg]
[thb.tildacdn.com/tild6461-6164-4539-a663-643433373465/-/resizeb/20x/photo.jpg]
[maryinvite.ru/Love_story.html]
[maryinvite.ru/provence.html]
[thb.tildacdn.com/tild6465-6136-4333-b231-613164336334/-/resizeb/20x/photo.jpg]
[maryinvite.ru/tenderness.html]
[thb.tildacdn.com/tild6163-3832-4830-a237-393336363666/-/resizeb/20x/photo.jpg]
[thb.tildacdn.com/tild6137-3830-4361-b162-373763393032/-/resizeb/20x/photo.jpg]
[thb.tildacdn.com/tild3934-6337-4365-b963-326332396637/-/resizeb/20x/_1.jpg]
[maryinvite.ru/birthday.html]
[thb.tildacdn.com/tild3130-3031-4461-b137-383062636666/-/resizeb/20x/50_1.jpg]
[maryinvite.ru/rose_birthday.html]
[thb.tildacdn.com/tild3038-6131-4638-b835-656161393238/-/resizeb/20x/photo.jpg]
[maryinvite.ru/barbie_birthday.html]
[thb.tildacdn.com/tild3337-3839-4436-a530-353434326133/-/resizeb/20x/__.jpg]
[maryinvite.ru/cosmos.html]
[thb.tildacdn.com/tild3664-3038-4261-a363-613832343734/-/resizeb/20x/photo.jpg]
[maryinvite.ru/questionnaire.html]
[thb.tildacdn.com/tild3239-6631-4337-b639-633832303439/-/resizeb/20x/photo.jpg]
[maryinvite.ru/lashacademyopening.html]
[thb.tildacdn.com/tild6631-6265-4531-b133-383139653863/-/resizeb/20x/photo.jpg]
[maryinvite.ru/musical_party.html]
[thb.tildacdn.com/tild6463-3132-4766-a631-333332643833/-/resizeb/20x/photo.jpg]
[maryinvite.ru/valentinesday.html]
[thb.tildacdn.com/tild6431-3730-4533-b762-363032396264/-/resizeb/20x/_.jpg]
[maryinvite.ru/newyear.html]
[thb.tildacdn.com/tild3639-3137-4534-b763-623635303737/-/resizeb/20x/_.jpg]
[maryinvite.ru/${bgImg}]
[static.tildacdn.com/tild3838-6264-4662-a365-306266383030/kjuj.svg]
[maryinvite.ru/privacy.html]
[static.tildacdn.com/tild6531-6336-4962-a561-393461616334/close_1.png]
[thb.tildacdn.com/tild6531-6336-4962-a561-393461616334/-/resize/20x/close_1.png]
[maryinvite.ru/catalog.html]
[static.tildacdn.com/tild3261-6438-4664-b433-326362316261/2149735234_1.jpg]
[static.tildacdn.com/ws/project5119913/tilda-blocks-page62192129.min6ba5.css]
[static.tildacdn.com/ws/project5119913/tilda-blocks-page62192129.min6ba5.js]
[static.tildacdn.com/tild3038-3963-4431-b532-646266366635/photo.png]
[static.tildacdn.com/tild6338-3136-4963-b838-613138663964/photo.png]
[thb.tildacdn.com/tild3334-3366-4134-b038-386263326266/-/resize/20x/20250122_192329.jpg]
[static.tildacdn.com/tild3938-6436-4335-b137-363536366364/April.svg]
[static.tildacdn.com/tild3865-6331-4135-a537-353435646536/07042025.svg]
[thb.tildacdn.com/tild3764-3766-4462-a634-356164633539/-/resize/20x/photo.png]
[thb.tildacdn.com/tild3438-3431-4464-a364-353366343332/-/resize/20x/photo.png]
[static.tildacdn.com/tild6338-3630-4637-b734-373064636338/wedding.svg]
[static.tildacdn.com/tild6434-3734-4137-b235-386461353230/photo.svg]
[static.tildacdn.com/tild3138-6261-4437-a533-666132303539/photo.svg]
[static.tildacdn.com/tild3330-3132-4333-a336-376237316133/photo.svg]
[static.tildacdn.com/tild3637-3264-4962-b238-346362376163/photo.svg]
[static.tildacdn.com/tild3362-3466-4531-b836-616631616635/photo.svg]
[static.tildacdn.com/tild6266-3961-4036-a134-306165333264/__.svg]
[static.tildacdn.com/tild6434-3535-4935-a436-343933633561/location.svg]
[static.tildacdn.com/tild3961-6233-4062-a164-666237323064/photo.svg]
[static.tildacdn.com/tild6262-6533-4639-b363-656537363037/_.svg]
[static.tildacdn.com/tild3766-6563-4534-b331-323638323839/Love_forever.svg]
[static.tildacdn.com/tild6662-3434-4166-b634-386263363038/__.svg]
[megatimer.ru/get/5f77b2ca221bdf1ed8adf31bb8659dca.js]
[static.tildacdn.com/tild3637-6532-4932-b162-613334343765/_.svg]
[static.tildacdn.com/tild6439-6537-4162-b966-326237343363/_.svg]
[static.tildacdn.com/tild6135-3162-4961-b161-633337636331/ve.svg]
[static.tildacdn.com/tild3437-3666-4039-b231-323736323234/__.svg]
[maryinvite.ru/blackwhite.html]
[static.tildacdn.com/tild3164-6239-4161-b561-333233613065/___.svg]
[static.tildacdn.com/tild3739-3964-4663-b033-653366613436/IMG_7806_tilda371902.jpg]
[static.tildacdn.com/ws/project5119913/tilda-blocks-page55253005.min6ba5.css]
[static.tildacdn.com/ws/project5119913/tilda-blocks-page55253005.min6ba5.js]
[static.tildacdn.com/js/tilda-zero-fixed-1.0.min.js]
[static.tildacdn.com/tild3330-3634-4635-b766-346436393233/IMG_7806_tilda371902.jpg]
[static.tildacdn.com/tild3936-6664-4261-b337-623063653032/photo.svg]
[static.tildacdn.com/tild6235-6530-4566-b734-613663623661/photo.svg]
[static.tildacdn.com/tild6364-3466-4064-b436-323936386564/_.svg]
[static.tildacdn.com/tild6563-3864-4138-b731-643733313661/photo.png]
[static.tildacdn.com/tild6530-3937-4331-a337-326536353736/photo.png]
[thb.tildacdn.com/tild3437-3065-4663-b436-616664383763/-/resize/20x/Group_396.png]
[thb.tildacdn.com/tild3762-3333-4239-b030-383338663139/-/resize/20x/love.png]
[static.tildacdn.com/tild3938-3165-4535-b038-646162653663/27_.svg]
[static.tildacdn.com/tild6265-3630-4736-a630-643834346339/photo.svg]
[unpkg.com/animejs@3.1.0/lib/anime.min.js]
[static.tildacdn.com/tild3634-6631-4561-a464-633066303664/photo.svg]
[cdnjs.cloudflare.com/ajax/libs/gsap/3.11.4/gsap.min.js]
[cdnjs.cloudflare.com/ajax/libs/gsap/3.11.4/ScrollTrigger.min.js]
[cdnjs.cloudflare.com/ajax/libs/smoothscroll/1.4.10/SmoothScroll.min.js]
[static.tildacdn.com/tild3130-3066-4534-b066-363563336237/_.svg]
[static.tildacdn.com/tild6465-3431-4665-b430-613236643838/photo.svg]
[static.tildacdn.com/tild3435-6264-4964-a461-666237333963/photo.svg]
[static.tildacdn.com/tild6231-6633-4339-a531-396139313235/_.svg]
[static.tildacdn.com/tild3139-6465-4232-b935-353338343866/_14.svg]
[static.tildacdn.com/tild3063-6131-4462-b338-633230636437/_14.svg]
[static.tildacdn.com/tild6463-3231-4163-b561-336130363364/_14.svg]
[static.tildacdn.com/tild3062-3831-4165-b836-636632363462/photo.svg]
[static.tildacdn.com/tild3432-3031-4364-a266-636536373836/Group_220.svg]
[static.tildacdn.com/tild6239-6138-4732-a366-356434303163/photo.svg]
[static.tildacdn.com/tild3137-3334-4535-a362-663935646238/photo.svg]
[static.tildacdn.com/tild3563-3137-4531-b031-646465323161/-.svg]
[static.tildacdn.com/tild3361-3735-4465-a664-343538623138/photo.svg]
[static.tildacdn.com/tild3930-3232-4737-b331-643966323238/photo.svg]
[static.tildacdn.com/tild3035-6539-4430-a435-376632633236/photo.svg]
[static.tildacdn.com/tild3132-3038-4831-b436-663764316239/photo.svg]
[thb.tildacdn.com/tild3337-3437-4130-a366-623566653535/-/resize/20x/1.png]
[maryinvite.ru/story.html]
[megatimer.ru/get/b041c13b48a1eee52ff7f1d992c6bb1c.js]
[static.tildacdn.com/ws/project5119913/tilda-blocks-page55951139.min6ba5.css]
[static.tildacdn.com/tild3364-6539-4064-b563-653232306261/logo2.jpg]
[static.tildacdn.com/ws/project5119913/tilda-blocks-page56152873.min6ba5.css]
[static.tildacdn.com/css/tilda-zero-gallery-1.0.min.css]
[static.tildacdn.com/ws/project5119913/tilda-blocks-page56152873.min6ba5.js]
[static.tildacdn.com/js/tilda-popup-1.0.min.js]
[static.tildacdn.com/js/tilda-zero-gallery-1.0.min.js]
[thb.tildacdn.com/tild6636-3730-4164-b164-353334343732/-/resize/20x/photo.jpg]
[thb.tildacdn.com/tild6661-3864-4537-b839-323164336633/-/resize/20x/photo.jpg]
[thb.tildacdn.com/tild3532-3533-4031-b865-636461313766/-/resize/20x/photo.jpg]
[thb.tildacdn.com/tild3536-3430-4161-a232-646133303136/-/resize/20x/_.jpg]
[thb.tildacdn.com/tild3833-3037-4531-a234-633131356435/-/resize/20x/photo.jpg]
[thb.tildacdn.com/tild3861-6139-4565-b064-363763346536/-/resize/20x/photo.jpg]
[thb.tildacdn.com/tild6262-3639-4166-a139-333065613766/-/resize/20x/photo.jpg]
[thb.tildacdn.com/tild6439-6231-4461-a233-663437356366/-/resize/20x/photo.jpg]
[thb.tildacdn.com/tild3337-6561-4165-b463-633639333162/-/resize/20x/Screenshot_20241123_.png]
[thb.tildacdn.com/tild3839-3466-4631-b437-386438613130/-/resize/20x/Screenshot_20241110_.png]
[thb.tildacdn.com/tild6462-3633-4435-a132-336662666538/-/resize/20x/Screenshot_20241110_.png]
[thb.tildacdn.com/tild6362-6136-4461-b161-326665363033/-/resize/20x/Screenshot_20241110_.png]
[unpkg.com/scrollbooster@3.0.2/dist/scrollbooster.min.js]
[maryinvite.ru/${shapeBgUrl}.e0.delayed]
[maryinvite.ru/${miniatureLinksList[i]}]
[static.tildacdn.com/tild6466-6566-4638-a333-353565616439/Group_213.svg]
[cdnjs.cloudflare.com/ajax/libs/slick-carousel/1.8.1/slick.min.css]
[cdnjs.cloudflare.com/ajax/libs/slick-carousel/1.8.1/slick-theme.min.css]
[maryinvite.ru/index.html]
[static.tildacdn.com/tild6266-3861-4462-b663-306132366264/Group_1321314469.svg]
[cdnjs.cloudflare.com/ajax/libs/slick-carousel/1.8.1/slick.min.js]
[maryinvite.ru/Letter-2.html]
[static.tildacdn.com/tild3736-3363-4237-b566-316636356137/photo.jpg]
[static.tildacdn.com/ws/project5119913/tilda-blocks-page70773543.mine344.css]
[static.tildacdn.com/ws/project5119913/tilda-blocks-page70773543.mine344.js]
[static.tildacdn.com/js/tilda-zero-tooltip-1.0.min.js]
[thb.tildacdn.com/tild3363-6336-4532-a437-616631633761/-/resize/20x/3.png]
[thb.tildacdn.com/tild3432-6431-4031-a536-643265616334/-/resize/20x/2.png]
[static.tildacdn.com/tild6538-6630-4334-b836-313162663033/photo.svg]
[thb.tildacdn.com/tild3231-3533-4464-b331-333261643534/-/resize/20x/photo.png]
[static.tildacdn.com/tild3833-3763-4562-b161-346331323264/photo.svg]
[static.tildacdn.com/tild3666-6266-4065-b330-323666343133/photo.png]
[static.tildacdn.com/tild3063-6264-4265-b665-373864386135/photo.png]
[static.tildacdn.com/tild6363-6138-4865-b236-643031666431/2.svg]
[static.tildacdn.com/tild3664-3230-4533-b238-353762643032/photo.svg]
[static.tildacdn.com/tild3532-3338-4962-b366-656232376136/Frame_10.svg]
[static.tildacdn.com/tild3835-3539-4135-b035-386237663332/OBJECTS.svg]
[static.tildacdn.com/tild6330-6631-4465-b034-313863303738/_.svg]
[static.tildacdn.com/tild6334-3237-4431-a533-643666653238/_.svg]
[static.tildacdn.com/tild6132-3039-4065-a334-336137363835/photo.svg]
[static.tildacdn.com/tild6136-6131-4535-a562-643731663361/photo.svg]
[static.tildacdn.com/tild3033-6264-4263-a130-383531646339/photo.svg]
[static.tildacdn.com/tild3662-3534-4636-b338-623637336137/2.svg]
[static.tildacdn.com/tild3166-3332-4531-b631-346466633730/photo.svg]
[static.tildacdn.com/tild3665-6662-4630-b366-663438643664/Group.svg]
[static.tildacdn.com/tild6261-3634-4036-a437-376137303865/IMG_0093.jpg]
[static.tildacdn.com/tild3835-6562-4435-b462-663361366137/IMG_0357.jpg]
[static.tildacdn.com/tild3665-6665-4738-b438-663832306337/IMG_0364.jpg]
[static.tildacdn.com/tild6437-3531-4661-b738-663364646237/IMG_0183.jpg]
[static.tildacdn.com/tild6138-6537-4162-b537-636361396438/IMG_0358.jpg]
[static.tildacdn.com/tild6239-6333-4261-b165-656534323134/IMG_0105.jpg]
[static.tildacdn.com/tild6666-6235-4337-a565-636638653761/IMG_0361.jpg]
[static.tildacdn.com/tild3539-6130-4631-b533-383064356562/IMG_0353.jpg]
[static.tildacdn.com/tild3730-3736-4332-b338-333831353837/_-_.svg]
[static.tildacdn.com/tild6437-3938-4333-b034-663163373261/photo.svg]
[static.tildacdn.com/tild6361-6665-4664-b734-333031313865/1.svg]
[static.tildacdn.com/tild3936-3865-4834-a132-623433663039/2.svg]
[static.tildacdn.com/tild6337-3933-4863-b964-633430333530/3.svg]
[thb.tildacdn.com/tild3366-3336-4366-b732-366539306465/-/resize/20x/34.png]
[static.tildacdn.com/tild3666-3633-4064-b534-653464306139/photo.svg]
[static.tildacdn.com/tild3766-6334-4366-b863-646639313137/djncfg.svg]
[megatimer.ru/get/31e94f9a21f51773a35b73b1b50f2850.js]
[static.tildacdn.com/tild3937-6665-4562-b365-363838626232/___.svg]
[static.tildacdn.com/tild6130-6434-4930-b538-366162333466/photo.svg]
[static.tildacdn.com/tild3037-6561-4534-a562-306163323964/_.svg]
[static.tildacdn.com/tild3463-3031-4861-b261-616438303766/Group.svg]
[static.tildacdn.com/tild6365-3061-4930-b039-343763613233/____.svg]
[thb.tildacdn.com/tild6565-3565-4130-b264-313430353838/-/resizeb/20x/photo.jpg]
[maryinvite.ru/letter.html]
[thb.tildacdn.com/tild6239-6238-4135-b365-623866623430/-/resizeb/20x/photo.jpg]
[static.tildacdn.com/tild6362-3436-4932-b461-613063363265/Frame_47.jpg]
[static.tildacdn.com/ws/project5119913/tilda-blocks-page66677481.min6ba5.css]
[static.tildacdn.com/ws/project5119913/tilda-blocks-page66677481.min6ba5.js]
[static.tildacdn.com/tild3139-3866-4032-b430-666261316535/41739.jpg]
[thb.tildacdn.com/tild3139-3866-4032-b430-666261316535/-/resizeb/20x/41739.jpg]
[static.tildacdn.com/tild6266-6530-4238-a133-376633316237/1.svg]
[static.tildacdn.com/tild6366-3132-4565-a336-613639613739/2.svg]
[static.tildacdn.com/tild3364-6633-4035-b630-393139656335/_.svg]
[static.tildacdn.com/tild3261-3063-4465-b639-666134666639/_1_1.svg]
[static.tildacdn.com/tild6435-3166-4337-b365-343839326336/___.svg]
[static.tildacdn.com/tild6433-3535-4265-b561-623065316135/_.svg]
[static.tildacdn.com/tild6137-3761-4961-a662-346637306232/_.svg]
[static.tildacdn.com/tild6461-3931-4935-b361-653363356631/19__2025_.svg]
[static.tildacdn.com/tild3064-6232-4866-b966-336438343631/photo.png]
[static.tildacdn.com/tild3438-3838-4565-a433-396635623836/photo.png]
[static.tildacdn.com/tild6564-3932-4532-a162-383333336630/___2.svg]
[static.tildacdn.com/tild3233-3134-4264-b435-393362613261/_.svg]
[static.tildacdn.com/tild6635-6464-4839-b733-303063653735/photo.svg]
[static.tildacdn.com/tild6465-6133-4831-b263-386365643232/photo.svg]
[static.tildacdn.com/tild3035-6437-4665-b362-626462386233/_15.svg]
[static.tildacdn.com/tild3033-6437-4736-b264-346662616236/15_00.svg]
[static.tildacdn.com/tild6566-6561-4866-a636-363635663532/16_00.svg]
[static.tildacdn.com/tild3936-6235-4936-a633-643563646662/_.svg]
[static.tildacdn.com/tild6532-3566-4363-b234-616431396265/photo.svg]
[static.tildacdn.com/tild6631-6564-4339-b136-323765393732/23_00.svg]
[static.tildacdn.com/tild6335-3831-4562-b332-613761643965/photo.svg]
[static.tildacdn.com/tild6363-3934-4565-b866-323739373436/photo.svg]
[static.tildacdn.com/tild6566-3536-4134-b036-663037346339/15_30.svg]
[static.tildacdn.com/tild3032-3330-4939-a261-323962623536/photo.svg]
[static.tildacdn.com/tild3766-3335-4166-a462-396532613132/_-_.svg]
[static.tildacdn.com/tild3638-3633-4761-b765-333133376336/_21.svg]
[static.tildacdn.com/tild6163-3066-4836-b830-363862373238/photo.svg]
[static.tildacdn.com/tild3535-6262-4437-b033-633237323735/_3.svg]
[static.tildacdn.com/tild6334-3938-4932-b831-316264346530/_4.svg]
[static.tildacdn.com/tild6630-3139-4532-a661-643433323936/_2.svg]
[static.tildacdn.com/tild3138-6432-4530-b261-323837633334/_.svg]
[static.tildacdn.com/tild3238-6434-4565-b764-373930653366/_.svg]
[static.tildacdn.com/tild6461-3265-4834-b837-313937616438/_3.svg]
[static.tildacdn.com/tild3332-6533-4730-b530-333265353164/___2.svg]
[static.tildacdn.com/tild3531-6563-4035-b339-376539396162/_.svg]
[static.tildacdn.com/tild6665-3864-4435-a334-333531663664/__.svg]
[static.tildacdn.com/tild3962-3335-4663-a136-313236303437/photo.svg]
[maryinvite.ru/shabbychic.html]
[thb.tildacdn.com/tild3631-3630-4737-a266-303835396233/-/resizeb/20x/photo.jpg]
[static.tildacdn.com/tild3866-3861-4934-b638-636166363335/photo.jpg]
[static.tildacdn.com/ws/project5119913/tilda-blocks-page55595419.min6ba5.css]
[static.tildacdn.com/ws/project5119913/tilda-blocks-page55595419.min6ba5.js]
[static.tildacdn.com/tild3461-3433-4233-b964-313361393666/photo.png]
[static.tildacdn.com/tild6461-6130-4361-a237-303461356332/photo.png]
[static.tildacdn.com/tild3265-6237-4237-a437-343130653830/___HEBECTA_.svg]
[static.tildacdn.com/tild3064-3164-4433-b264-356538353330/image_2025-03-12_11-.svg]
[static.tildacdn.com/tild6630-3563-4364-b632-653262396431/photo.svg]
[static.tildacdn.com/tild3233-3834-4538-a236-326636303036/photo.svg]
[static.tildacdn.com/tild3933-3434-4738-b761-353837386238/photo.svg]
[static.tildacdn.com/tild3535-3231-4836-b932-303066316134/_.svg]
[static.tildacdn.com/tild6437-3434-4636-a334-326161653365/photo.svg]
[static.tildacdn.com/tild6562-6136-4762-a631-363735613937/photo.svg]
[static.tildacdn.com/tild6562-3634-4036-a162-393134653164/_.svg]
[static.tildacdn.com/tild3631-6133-4962-a238-343236636630/photo.svg]
[static.tildacdn.com/tild3838-3431-4231-b233-613331663462/photo.svg]
[static.tildacdn.com/tild6234-6566-4935-b562-636334346533/_.svg]
[static.tildacdn.com/tild3961-6565-4233-b438-353136383533/photo.svg]
[static.tildacdn.com/tild6131-6431-4634-b635-643230363033/_.svg]
[static.tildacdn.com/tild3137-6135-4833-b731-636537656639/12_00.svg]
[static.tildacdn.com/tild3938-6661-4262-b063-356637306338/photo.svg]
[static.tildacdn.com/tild3732-3761-4363-b663-343063323937/14_00.svg]
[static.tildacdn.com/tild6530-6165-4464-b865-326162333032/photo.svg]
[static.tildacdn.com/tild6236-3936-4132-b165-373135386139/18_00.svg]
[static.tildacdn.com/tild3964-3666-4539-a263-663539666364/photo.svg]
[static.tildacdn.com/tild3962-6261-4136-a433-376234313063/2.svg]
[static.tildacdn.com/tild3263-6132-4235-a530-346630633131/_-_.svg]
[thb.tildacdn.com/tild3136-3863-4662-a161-323338626665/-/resize/20x/photo.png]
[thb.tildacdn.com/tild3761-3535-4639-b132-376664663164/-/resize/20x/photo.png]
[thb.tildacdn.com/tild3137-3134-4264-a263-643762363763/-/resize/20x/photo.png]
[thb.tildacdn.com/tild6331-3733-4362-b634-343632613634/-/resize/20x/photo.png]
[static.tildacdn.com/tild3466-3432-4265-b034-613239633765/__.svg]
[static.tildacdn.com/tild3663-3638-4165-b639-353032393436/2.svg]
[static.tildacdn.com/tild3561-3963-4063-b831-613737326136/__.svg]
[static.tildacdn.com/tild3034-6331-4466-a637-376137633966/3.svg]
[static.tildacdn.com/tild6535-3861-4664-b334-363833383433/photo.svg]
[static.tildacdn.com/tild3464-6430-4463-a232-633962623062/2.svg]
[static.tildacdn.com/tild6635-6232-4736-b863-313838373132/_.svg]
[static.tildacdn.com/tild3966-3062-4833-a366-373066363563/_.svg]
[static.tildacdn.com/tild6132-6230-4230-b334-356265343337/_1.svg]
[static.tildacdn.com/tild6539-3831-4262-a164-386136326564/___.svg]
[static.tildacdn.com/tild3164-6465-4632-a531-373164643635/photo.svg]
[megatimer.ru/get/39485927a1afb274d3355e3481d1c7ac.js]
[static.tildacdn.com/tild3566-3965-4661-b864-623738366437/__.svg]
[static.tildacdn.com/tild3861-6239-4235-a237-643462353939/____.svg]
[maryinvite.ru/angels.html]
[static.tildacdn.com/tild3265-3061-4866-b930-653031633233/photo.svg]
[static.tildacdn.com/tild3162-6564-4563-b433-653234656631/photo_2024-09-30_13-.jpg]
[static.tildacdn.com/ws/project5119913/tilda-blocks-page55493097.min6ba5.css]
[static.tildacdn.com/ws/project5119913/tilda-blocks-page55493097.min6ba5.js]
[static.tildacdn.com/js/tilda-t635-typed-1.0.min.js]
[static.tildacdn.com/tild3834-3835-4235-a561-633935373538/photo.svg]
[static.tildacdn.com/tild3239-6463-4537-a533-326239636161/photo.svg]
[static.tildacdn.com/tild6132-3262-4830-a639-343364623463/photo.svg]
[static.tildacdn.com/tild6361-3062-4664-b763-366530346439/____.svg]
[static.tildacdn.com/tild3136-3863-4164-a636-376264363437/photo.svg]
[static.tildacdn.com/tild3637-6239-4962-b434-386531663966/photo.svg]
[static.tildacdn.com/tild6439-3635-4430-a338-656531373062/photo.svg]
[static.tildacdn.com/tild6233-3430-4037-b934-616635386233/PACKING-04.png]
[thb.tildacdn.com/tild6233-3430-4037-b934-616635386233/-/resizeb/20x/PACKING-04.png]
[thb.tildacdn.com/tild3161-3564-4165-b131-393731306632/-/resize/20x/IMG_4635.png]
[thb.tildacdn.com/tild3030-3461-4764-b464-323261336561/-/resize/20x/IMG_9859.png]
[thb.tildacdn.com/tild3131-3565-4363-b432-383566653462/-/resize/20x/photo.png]
[thb.tildacdn.com/tild6132-3962-4339-a130-316632643965/-/resize/20x/photo.png]
[thb.tildacdn.com/tild6262-6337-4232-b465-663161343164/-/resize/20x/pngegg-15_4.png]
[static.tildacdn.com/tild6436-3662-4835-a635-383161623436/___.svg]
[static.tildacdn.com/tild6265-6164-4334-a164-396462336261/___.svg]
[thb.tildacdn.com/tild3431-3731-4634-b937-356331626663/-/resize/20x/Group_241.png]
[static.tildacdn.com/tild3761-3839-4232-a166-336530363832/_.svg]
[static.tildacdn.com/tild3562-3635-4233-b439-653261313837/photo.svg]
[thb.tildacdn.com/tild6462-6462-4438-b963-346533373462/-/resize/20x/photo.png]
[static.tildacdn.com/tild6362-3431-4539-b739-623636666364/_.svg]
[thb.tildacdn.com/tild3363-6431-4832-a235-633464346563/-/resize/20x/photo.png]
[static.tildacdn.com/tild6431-6566-4837-b663-346430333739/_.svg]
[thb.tildacdn.com/tild3431-3466-4066-b439-656565653461/-/resize/20x/IMG_4635.png]
[static.tildacdn.com/tild3832-6264-4164-b666-313461333839/_.svg]
[static.tildacdn.com/tild3262-3065-4262-b235-646433626530/2.svg]
[static.tildacdn.com/tild3438-6138-4461-b936-333562666266/photo.svg]
[static.tildacdn.com/tild6133-3963-4732-a336-313562633231/photo.svg]
[static.tildacdn.com/tild3064-6334-4135-a632-303033613262/photo.svg]
[static.tildacdn.com/tild6433-3431-4666-b931-383133333262/_-_.svg]
[thb.tildacdn.com/tild3233-3139-4434-b337-383963393437/-/resize/20x/_.png]
[static.tildacdn.com/tild3038-3634-4065-a662-353233363336/_.svg]
[static.tildacdn.com/tild3033-3564-4263-b531-303535383731/_2.svg]
[thb.tildacdn.com/tild6130-3161-4032-b031-356565313066/-/resize/20x/IMG_2341.png]
[thb.tildacdn.com/tild3866-6566-4132-a565-623631363361/-/resize/20x/2.png]
[megatimer.ru/get/4529a83743fd333fb64ffd0a4ba2d11c.js]
[static.tildacdn.com/tild3963-3262-4632-b439-393332366632/___.svg]
[maryinvite.ru/childhood.html]
[static.tildacdn.com/tild3565-3262-4532-b864-653363643137/_.svg]
[static.tildacdn.com/ws/project5119913/tilda-blocks-page55404427.min6ba5.css]
[static.tildacdn.com/tild3865-3430-4830-b234-326562653435/photo.svg]
[static.tildacdn.com/ws/project5119913/tilda-blocks-page55404427.min6ba5.js]
[static.tildacdn.com/tild6461-3566-4531-b734-646566326237/svg_1727202866580.svg]
[static.tildacdn.com/tild3832-3736-4035-b164-663562653466/_.svg]
[static.tildacdn.com/tild6532-3431-4036-b234-623333613462/photo.png]
[static.tildacdn.com/tild6335-3661-4534-a263-343830333365/photo.png]
[static.tildacdn.com/tild3030-6436-4561-b134-613132313132/_.svg]
[static.tildacdn.com/tild3033-3263-4834-a633-386562386333/svg_1727203873604.svg]
[static.tildacdn.com/tild6630-6231-4066-a236-343164363063/_.svg]
[static.tildacdn.com/tild3138-3939-4061-b436-346437363930/photo.svg]
[static.tildacdn.com/tild3763-3135-4631-a365-633035356533/_.svg]
[static.tildacdn.com/tild3461-6462-4131-b065-643730356533/CTYNZHMRHFCYSQ.svg]
[static.tildacdn.com/tild6136-3965-4430-b664-663735366535/svg_1727239948061.svg]
[static.tildacdn.com/tild3865-3466-4537-a566-353337303661/photo.svg]
[static.tildacdn.com/tild3732-3864-4962-b636-393662376431/photo.svg]
[static.tildacdn.com/tild3564-3836-4366-b930-356165393064/photo.svg]
[static.tildacdn.com/tild3637-3231-4564-b032-393136323231/2.svg]
[static.tildacdn.com/tild6537-3438-4831-b865-376435376161/photo.svg]
[static.tildacdn.com/tild3964-3636-4463-a132-373137333136/2.svg]
[static.tildacdn.com/tild6133-3365-4365-b265-343666663331/_-_.svg]
[static.tildacdn.com/tild3031-6534-4134-a364-333038613036/_.svg]
[thb.tildacdn.com/tild6331-3135-4364-a464-373561663032/-/resize/20x/1.png]
[thb.tildacdn.com/tild3532-6531-4962-a637-646431396235/-/resize/20x/2.png]
[static.tildacdn.com/tild6133-3232-4661-b066-333634343832/photo.svg]
[static.tildacdn.com/tild3738-3264-4931-a464-626430623733/photo.svg]
[static.tildacdn.com/tild3263-3936-4638-b839-343336313032/_.svg]
[static.tildacdn.com/tild6230-6631-4861-a139-363964626265/photo.svg]
[thb.tildacdn.com/tild6632-3238-4332-b539-633865353063/-/resize/20x/photo.png]
[static.tildacdn.com/tild6561-3365-4637-b338-663166613061/_.svg]
[maryinvite.ru/thread.html]
[megatimer.ru/get/ffdc60c6aadca37d838450ee6a670a93.js]
[static.tildacdn.com/tild3566-3062-4231-b136-653166616263/IMG_6027.jpg]
[static.tildacdn.com/ws/project5119913/tilda-blocks-page48203909.min6ba5.css]
[static.tildacdn.com/ws/project5119913/tilda-blocks-page48203909.min6ba5.js]
[thb.tildacdn.com/tild6436-3134-4237-a130-303062333235/-/resize/20x/a8d3d45f79442cbfead5.png]
[thb.tildacdn.com/tild6132-3462-4265-b832-346535623736/-/resize/20x/0e69a926bae78aad4ed0.png]
[thb.tildacdn.com/tild3231-3261-4834-b337-616334613136/-/resize/20x/274199b561f4b9c37aa7.png]
[static.tildacdn.com/tild6135-3238-4465-b631-323763636566/photo.svg]
[thb.tildacdn.com/tild6337-3763-4263-b436-313432663561/-/resize/20x/Mask_group.png]
[static.tildacdn.com/tild6361-3932-4535-a230-373231366334/music.svg]
[static.tildacdn.com/tild3463-3461-4564-b264-303531616531/music_no.svg]
[thb.tildacdn.com/tild3861-3030-4661-b265-303361643134/-/resize/20x/1_.png]
[thb.tildacdn.com/tild3334-6135-4333-a335-323737646166/-/resize/20x/2_.png]
[thb.tildacdn.com/tild3130-3363-4565-a334-323438633135/-/resize/20x/3_.png]
[static.tildacdn.com/tild3535-6537-4735-b539-323766303361/photo.svg]
[static.tildacdn.com/tild3932-3661-4139-a465-376164366535/photo.svg]
[static.tildacdn.com/tild3164-6330-4362-b736-306438363830/photo.svg]
[thb.tildacdn.com/tild3439-3634-4333-b665-303339393565/-/resize/20x/-_1.png]
[thb.tildacdn.com/tild3331-6163-4666-b032-383534663132/-/resize/20x/-_2.png]
[thb.tildacdn.com/tild6637-6432-4430-b962-333964323530/-/resize/20x/-_3.png]
[thb.tildacdn.com/tild3038-3734-4039-a263-633837393030/-/resize/20x/-_4.png]
[thb.tildacdn.com/tild3865-3866-4730-b236-626430346335/-/resize/20x/photo.png]
[thb.tildacdn.com/tild3735-3062-4036-b636-653966663034/-/resize/20x/photo.png]
[thb.tildacdn.com/tild6439-3765-4665-a161-613736626237/-/resize/20x/IMG_6028.jpg]
[megatimer.ru/get/9806bb7f96efb94088fd6b32089df3a7.js]
[thb.tildacdn.com/tild3963-6666-4966-a266-396531323238/-/resize/20x/IMG_6027.jpg]
[maryinvite.ru/warm_memories.html]
[static.tildacdn.com/tild3234-6330-4065-a238-373039386538/IMG_1192.jpg]
[static.tildacdn.com/ws/project5119913/tilda-blocks-page44375883.min6ba5.css]
[static.tildacdn.com/ws/project5119913/tilda-blocks-page44375883.min6ba5.js]
[static.tildacdn.com/js/tilda-video-1.0.min.js]
[thb.tildacdn.com/tild3162-3334-4263-b434-626232616432/-/resize/20x/IMG_1192.jpg]
[thb.tildacdn.com/tild6639-3737-4639-b434-643361343437/-/resize/20x/IMG_1192.jpg]
[static.tildacdn.com/tild3737-3234-4563-a466-663839643737/_.svg]
[static.tildacdn.com/tild6662-6339-4230-a530-313838363861/photo.png]
[thb.tildacdn.com/tild6662-6339-4230-a530-313838363861/-/resizeb/20x/photo.png]
[static.tildacdn.com/tild6431-6566-4235-b831-353939366231/photo.png]
[thb.tildacdn.com/tild6431-6566-4235-b831-353939366231/-/resizeb/20x/photo.png]
[thb.tildacdn.com/tild3239-6633-4664-b232-326133303030/-/resize/20x/_114x.png]
[thb.tildacdn.com/tild3063-3036-4634-b037-616161356564/-/resize/20x/_94x.png]
[thb.tildacdn.com/tild6463-3062-4638-a438-663536313136/-/resize/20x/_104x.png]
[thb.tildacdn.com/tild6366-3532-4732-a261-363238343736/-/resize/20x/_84x.png]
[thb.tildacdn.com/tild3834-6466-4535-a566-363333323563/-/resize/20x/IMG_1195.jpg]
[megatimer.ru/get/0d5fce82da72ba0504f026aa7475f37a.js]
[thb.tildacdn.com/tild3562-3761-4131-b136-616362366462/-/resize/20x/IMG_1197.jpg]
[thb.tildacdn.com/tild6261-3835-4165-b236-323062393635/-/resize/20x/IMG_1194.jpg]
[maryinvite.ru/timeless_classic.html]
[static.tildacdn.com/tild3934-6530-4235-a232-306530353862/2149829677.jpg]
[static.tildacdn.com/ws/project5119913/tilda-blocks-page48224911.min6ba5.css]
[static.tildacdn.com/ws/project5119913/tilda-blocks-page48224911.min6ba5.js]
[static.tildacdn.com/js/tilda-menu-1.0.min.js]
[static.tildacdn.com/js/tilda-skiplink-1.0.min.js]
[static.tildacdn.com/tild3930-3036-4332-a233-626563326137/music.svg]
[static.tildacdn.com/tild3533-3630-4333-a634-653965363130/music_no.svg]
[static.tildacdn.com/tild3065-3134-4134-a634-386666353335/_14x1234_1.svg]
[res.cloudinary.com/dkdldmet9/image/upload/v1590144427/Png photo/wave_ifzn0h.png]
[thb.tildacdn.com/tild3265-3939-4235-a464-643731323036/-/resize/20x/photo.png]
[static.tildacdn.com/tild6161-6637-4438-b235-613434646637/blue_love.svg]
[thb.tildacdn.com/tild6166-6663-4464-b735-613865306262/-/resize/20x/34672_.jpg]
[thb.tildacdn.com/tild6433-6337-4363-b565-623435623739/-/resize/20x/wave_ifzn0h.png]
[thb.tildacdn.com/tild3965-3261-4566-b239-623039383463/-/resize/20x/wave_ifzn0h2.png]
[thb.tildacdn.com/tild3731-3336-4335-b435-363064396331/-/resize/20x/photo.png]
[thb.tildacdn.com/tild3563-3638-4837-b333-663037316536/-/resize/20x/photo.png]
[thb.tildacdn.com/tild6439-3237-4432-a262-396361313263/-/resize/20x/photo.png]
[thb.tildacdn.com/tild6338-6562-4631-a333-643732656535/-/resize/20x/photo.png]
[thb.tildacdn.com/tild3033-3961-4934-a231-383336363637/-/resize/20x/photo.png]
[thb.tildacdn.com/tild3932-6538-4962-b266-373166646266/-/resize/20x/photo.png]
[thb.tildacdn.com/tild3064-3031-4130-b765-353261306533/-/resize/20x/photo.png]
[thb.tildacdn.com/tild3037-3762-4239-b238-623833656135/-/resize/20x/photo.png]
[thb.tildacdn.com/tild3763-6161-4762-b639-306365643264/-/resize/20x/photo.png]
[thb.tildacdn.com/tild6464-3931-4631-b030-666566316662/-/resize/20x/photo.png]
[thb.tildacdn.com/tild6162-3862-4532-a136-643839636439/-/resize/20x/photo.png]
[thb.tildacdn.com/tild3632-3632-4961-b136-333966323539/-/resize/20x/full-shot-couple-spe.jpg]
[maryinvite.ru/sea.html]
[megatimer.ru/get/ef8d1c3b8a9e9c15752126e72b9000f4.js]
[maryinvite.ru/love_story-2.html]
[static.tildacdn.com/tild3937-6261-4438-b132-613764313130/IMG_24961.jpg]
[static.tildacdn.com/ws/project5119913/tilda-blocks-page44797571.min6ba5.css]
[static.tildacdn.com/ws/project5119913/tilda-blocks-page44797571.min6ba5.js]
[thb.tildacdn.com/tild3463-3038-4332-a539-623963613837/-/resize/20x/IMG_2494.jpg]
[static.tildacdn.com/tild3835-3663-4565-b562-306233383532/save_our_dates.svg]
[static.tildacdn.com/tild3363-3164-4435-a434-653633316437/Group_338.svg]
[cdnjs.cloudflare.com/ajax/libs/gsap/3.0.5/gsap.min.js]
[cdnjs.cloudflare.com/ajax/libs/gsap/3.0.5/Draggable.min.js]
[static.tildacdn.com/tild3434-3635-4339-a237-333131376263/Group_411.png]
[static.tildacdn.com/tild6635-3966-4938-b638-633262643938/Group_4112.png]
[static.tildacdn.com/tild6661-6137-4066-a639-346463396461/__2.svg]
[maryinvite.ru/${imgUrl}.20b.delayed]
[static.tildacdn.com/tild6533-3462-4663-b333-363364346536/IMG_2494.jpg]
[thb.tildacdn.com/tild6533-3462-4663-b333-363364346536/-/resizeb/20x/IMG_2494.jpg]
[static.tildacdn.com/tild6332-3363-4364-a333-376461386232/IMG_2492.jpg]
[thb.tildacdn.com/tild6332-3363-4364-a333-376461386232/-/resizeb/20x/IMG_2492.jpg]
[static.tildacdn.com/tild3866-3461-4130-b063-613732356164/IMG_2503.jpg]
[thb.tildacdn.com/tild3866-3461-4130-b063-613732356164/-/resizeb/20x/IMG_2503.jpg]
[static.tildacdn.com/tild3535-6565-4330-a137-393939343739/IMG_2508.jpg]
[thb.tildacdn.com/tild3535-6565-4330-a137-393939343739/-/resizeb/20x/IMG_2508.jpg]
[static.tildacdn.com/tild3532-3539-4231-b965-613537613864/IMG_2509.jpg]
[thb.tildacdn.com/tild3532-3539-4231-b965-613537613864/-/resizeb/20x/IMG_2509.jpg]
[static.tildacdn.com/tild6130-3232-4533-b231-383266653635/IMG_2514.jpg]
[thb.tildacdn.com/tild6130-3232-4533-b231-383266653635/-/resizeb/20x/IMG_2514.jpg]
[static.tildacdn.com/tild3264-3763-4265-a333-633530643932/IMG_2515.jpg]
[thb.tildacdn.com/tild3264-3763-4265-a333-633530643932/-/resizeb/20x/IMG_2515.jpg]
[static.tildacdn.com/tild6365-6131-4563-a565-613661656437/IMG_2517.jpg]
[thb.tildacdn.com/tild6365-6131-4563-a565-613661656437/-/resizeb/20x/IMG_2517.jpg]
[static.tildacdn.com/tild3034-3733-4133-b436-386365636631/IMG_2518.jpg]
[thb.tildacdn.com/tild3034-3733-4133-b436-386365636631/-/resizeb/20x/IMG_2518.jpg]
[static.tildacdn.com/tild3637-3530-4432-b063-336530313337/IMG_2483.jpg]
[thb.tildacdn.com/tild3637-3530-4432-b063-336530313337/-/resizeb/20x/IMG_2483.jpg]
[static.tildacdn.com/tild3466-6535-4332-a538-616237356633/IMG_2488.jpg]
[thb.tildacdn.com/tild3466-6535-4332-a538-616237356633/-/resizeb/20x/IMG_2488.jpg]
[static.tildacdn.com/tild6436-6535-4439-b132-653232333934/IMG_2521.jpg]
[thb.tildacdn.com/tild6436-6535-4439-b132-653232333934/-/resizeb/20x/IMG_2521.jpg]
[static.tildacdn.com/tild6265-3665-4932-a264-366231343564/IMG_2482.jpg]
[thb.tildacdn.com/tild6265-3665-4932-a264-366231343564/-/resizeb/20x/IMG_2482.jpg]
[static.tildacdn.com/tild3365-3038-4539-b632-396632613563/IMG_2498.jpg]
[thb.tildacdn.com/tild3365-3038-4539-b632-396632613563/-/resizeb/20x/IMG_2498.jpg]
[static.tildacdn.com/tild6165-6465-4039-b637-633735643765/IMG_2479.jpg]
[thb.tildacdn.com/tild6165-6465-4039-b637-633735643765/-/resizeb/20x/IMG_2479.jpg]
[static.tildacdn.com/tild3036-6265-4461-b964-616232613631/IMG_2476.jpg]
[thb.tildacdn.com/tild3036-6265-4461-b964-616232613631/-/resizeb/20x/IMG_2476.jpg]
[static.tildacdn.com/tild3935-3962-4735-b738-646161373865/IMG_2474.jpg]
[thb.tildacdn.com/tild3935-3962-4735-b738-646161373865/-/resizeb/20x/IMG_2474.jpg]
[static.tildacdn.com/tild3362-6637-4631-a539-333836663763/photo.svg]
[static.tildacdn.com/tild6530-6661-4161-a530-373365396138/_.svg]
[thb.tildacdn.com/tild3464-6633-4635-b661-636665343963/-/resize/20x/IMG_2479.jpg]
[megatimer.ru/get/4944a60e3775397b58202a52b69b6ebe.js]
[maryinvite.ru/Love_story.html]
[static.tildacdn.com/tild6430-3439-4339-b735-613833366334/_.svg]
[static.tildacdn.com/tild3661-6663-4935-b333-633438393861/-4UL4kapCA81.jpg]
[static.tildacdn.com/ws/project5119913/tilda-blocks-page48474749.min6ba5.css]
[static.tildacdn.com/ws/project5119913/tilda-blocks-page48474749.min6ba5.js]
[static.tildacdn.com/tild6463-3031-4535-b730-616635323136/photo.png]
[thb.tildacdn.com/tild6463-3031-4535-b730-616635323136/-/resize/20x/photo.png]
[static.tildacdn.com/tild6138-3565-4461-b134-613131653963/_4_.png]
[thb.tildacdn.com/tild6138-3565-4461-b134-613131653963/-/resize/20x/_4_.png]
[static.tildacdn.com/tild3762-3031-4132-b565-383966613936/vjyjuhfvvf.png]
[thb.tildacdn.com/tild3762-3031-4132-b565-383966613936/-/resize/20x/vjyjuhfvvf.png]
[static.tildacdn.com/tild6264-6239-4834-a435-343734366362/_3___.png]
[thb.tildacdn.com/tild6264-6239-4834-a435-343734366362/-/resize/20x/_3___.png]
[thb.tildacdn.com/tild6433-6638-4262-b762-656631343663/-/resize/20x/photo.png]
[thb.tildacdn.com/tild3631-3330-4436-b361-613034343437/-/resize/20x/bgtb_1.jpg]
[thb.tildacdn.com/tild3362-3663-4232-a134-326339626565/-/resize/20x/photo.png]
[thb.tildacdn.com/tild3065-6535-4530-b733-663031663432/-/resize/20x/_5_.png]
[thb.tildacdn.com/tild3730-3834-4538-b031-333038393530/-/resize/20x/_8__.png]
[thb.tildacdn.com/tild3161-3132-4334-b563-366434376333/-/resize/20x/photo.png]
[thb.tildacdn.com/tild3831-6431-4663-a331-346139623366/-/resize/20x/Group_51.png]
[thb.tildacdn.com/tild6164-6666-4338-a133-613532663565/-/resize/20x/_7__.png]
[maryinvite.ru/provence.html]
[static.tildacdn.com/tild3339-3533-4135-b561-366362323235/__2024-03-14_162628.png]
[static.tildacdn.com/ws/project5119913/tilda-blocks-page26112594.min6ba5.css]
[static.tildacdn.com/ws/project5119913/tilda-blocks-page26112594.min6ba5.js]
[static.tildacdn.com/tild3063-3832-4630-b036-386432616661/music.svg]
[static.tildacdn.com/tild6463-3139-4531-a338-363635393133/music_no.svg]
[static.tildacdn.com/tild3331-3066-4764-b836-333264353238/m.svg]
[static.tildacdn.com/tild3838-6332-4639-b261-333233353966/background_home_02.jpg]
[static.tildacdn.com/tild6633-6336-4832-a333-656439663762/background_home_02.jpg]
[static.tildacdn.com/tild3135-6332-4138-b166-343832336131/background_home_02.jpg]
[static.tildacdn.com/tild6232-3364-4331-b064-623964323335/m.svg]
[thb.tildacdn.com/tild3863-6132-4033-b932-326566393132/-/resize/20x/background_home_02.jpg]
[static.tildacdn.com/tild6634-6132-4263-a162-316165613962/Group_130.svg]
[static.tildacdn.com/tild3461-6439-4562-a565-346439666236/photo.svg]
[static.tildacdn.com/tild6665-3934-4734-b131-363861636536/m.svg]
[static.tildacdn.com/tild3034-3266-4531-a531-326233313764/photo_4_2025-02-28_1.jpg]
[static.tildacdn.com/tild3263-3063-4738-a531-353532393630/photo.svg]
[static.tildacdn.com/tild3837-3863-4333-a231-656437326164/photo_3_2025-02-28_1.jpg]
[thb.tildacdn.com/tild3664-3161-4531-a231-323232336666/-/resize/20x/whatsapp.png]
[thb.tildacdn.com/tild6566-3831-4332-a262-333235336339/-/resize/20x/free-icon-font-teleg.png]
[thb.tildacdn.com/tild6465-3031-4165-b764-303936353932/-/resize/20x/telephone-call.png]
[thb.tildacdn.com/tild6337-3261-4965-a266-376338343035/-/resize/20x/background_home_02.jpg]
[static.tildacdn.com/tild3237-3435-4662-a637-343439373761/m.svg]
[static.tildacdn.com/tild3431-3433-4262-a132-626466623938/_.svg]
[static.tildacdn.com/tild6231-3135-4539-b463-623631303161/_.svg]
[static.tildacdn.com/tild3239-3538-4166-b030-376235393735/m.svg]
[thb.tildacdn.com/tild6465-3863-4432-a661-346633303039/-/resizeb/20x/photo.jpg]
[thb.tildacdn.com/tild3130-3632-4435-b535-333339363739/-/resizeb/20x/photo.jpg]
[maryinvite.ru/tenderness.html]
[static.tildacdn.com/tild3935-3833-4137-a137-373861366137/photo.jpg]
[static.tildacdn.com/ws/project5119913/tilda-blocks-page64943483.min0f8f.css]
[maryinvite.ru/birthday.html]
[static.tildacdn.com/ws/project5119913/tilda-blocks-page64943483.min0f8f.js]
[static.tildacdn.com/tild6261-6666-4137-b135-613165633132/ajykbkz.jpg]
[maryinvite.ru/lily.html]
[static.tildacdn.com/ws/project5119913/tilda-blocks-page67082365.minc8e5.css]
[static.tildacdn.com/ws/project5119913/tilda-blocks-page67082365.minc8e5.js]
[thb.tildacdn.com/tild6461-3437-4436-a538-313730363637/-/resize/20x/1.png]
[thb.tildacdn.com/tild6634-3837-4266-a332-376133353633/-/resize/20x/1.png]
[static.tildacdn.com/tild6433-3232-4262-b730-656234653436/_.svg]
[static.tildacdn.com/tild6234-3565-4337-b431-353033313439/26_04_25_.svg]
[static.tildacdn.com/tild6561-6666-4132-b937-343839646339/photo.svg]
[static.tildacdn.com/tild6130-3063-4736-b064-373831333464/photo.svg]
[static.tildacdn.com/tild3331-3534-4935-a439-643764666661/Group_400.svg]
[static.tildacdn.com/tild3632-6533-4137-a336-653662383463/photo.svg]
[static.tildacdn.com/tild6462-3338-4436-b937-663866396639/ktr.svg]
[static.tildacdn.com/tild3833-6130-4339-a661-313332636262/_.svg]
[megatimer.ru/get/eea6d1cdaf00f7461278525090703d43.js]
[thb.tildacdn.com/tild3931-3234-4638-b536-623163333365/-/resize/20x/beautiful-rose-studi.png]
[thb.tildacdn.com/tild3533-3061-4231-b434-363338616166/-/resize/20x/down-arrow.png]
[maryinvite.ru/rose_birthday.html]
[maryinvite.ru/Barbie_birthday-2.html]
[static.tildacdn.com/tild3563-6263-4563-a364-356332623239/photo.jpg]
[static.tildacdn.com/ws/project5119913/tilda-blocks-page69823789.minc509.css]
[static.tildacdn.com/ws/project5119913/tilda-blocks-page69823789.minc509.js]
[static.tildacdn.com/tild3331-3931-4538-b434-393838636537/9984ab821780d940a727.jpg]
[thb.tildacdn.com/tild3331-3931-4538-b434-393838636537/-/resizeb/20x/9984ab821780d940a727.jpg]
[thb.tildacdn.com/tild6232-3166-4563-a230-333963376164/-/resize/20x/photo.png]
[static.tildacdn.com/tild3863-6434-4366-b935-303237383430/Barbie.svg]
[thb.tildacdn.com/tild3165-3134-4163-a537-396134396265/-/resize/20x/photo.png]
[static.tildacdn.com/tild3238-3933-4765-b763-326232343965/photo.svg]
[static.tildacdn.com/tild3130-6439-4133-a464-393433636635/photo.svg]
[thb.tildacdn.com/tild3361-3234-4637-a230-306563363066/-/resize/20x/photo.png]
[thb.tildacdn.com/tild3038-6166-4863-b562-636331666333/-/resize/20x/photo.png]
[static.tildacdn.com/tild6563-6364-4263-a133-323633393735/Star_25.svg]
[static.tildacdn.com/tild3337-3139-4437-b266-316665363365/_.svg]
[static.tildacdn.com/tild3239-3962-4336-a235-363936373965/photo.svg]
[static.tildacdn.com/tild3861-3336-4232-b965-663263636261/6.svg]
[static.tildacdn.com/tild3464-3238-4265-b965-396666313534/_.svg]
[static.tildacdn.com/tild6533-3133-4565-a564-393265306336/_16_00.svg]
[static.tildacdn.com/tild3066-3466-4064-a630-316234633764/_-_.svg]
[thb.tildacdn.com/tild3634-6161-4134-b738-343564316439/-/resize/20x/photo.png]
[maryinvite.ru/barbie_birthday.html]
[static.tildacdn.com/tild6339-3764-4632-a262-613632346337/_.svg]
[static.tildacdn.com/tild3032-3536-4830-b462-303061363237/photo.png]
[static.tildacdn.com/ws/project5119913/tilda-blocks-page26961156.min488e.css]
[static.tildacdn.com/ws/project5119913/tilda-blocks-page26961156.min488e.js]
[static.tildacdn.com/js/tilda-animation-ext-1.0.min.js]
[static.tildacdn.com/tild3566-3732-4162-b866-313662656535/Rectangle_3.png]
[thb.tildacdn.com/tild3566-3732-4162-b866-313662656535/-/resizeb/20x/Rectangle_3.png]
[static.tildacdn.com/tild3531-3236-4833-a463-666566326531/_.png]
[thb.tildacdn.com/tild3531-3236-4833-a463-666566326531/-/resizeb/20x/_.png]
[thb.tildacdn.com/tild3131-3534-4631-b461-613338653738/-/resize/20x/image_png.png]
[thb.tildacdn.com/tild3961-6435-4933-a539-636161336364/-/resize/20x/stars.png]
[thb.tildacdn.com/tild3136-6261-4262-b364-306565336361/-/resize/20x/_10_.png]
[static.tildacdn.com/tild6233-3637-4966-a432-643831346639/Planet_6.png]
[static.tildacdn.com/tild6261-3432-4439-b161-663134373430/underline7.svg]
[static.tildacdn.com/tild3435-3630-4032-b161-663837353665/underline4.svg]
[static.tildacdn.com/tild6230-3537-4864-a665-383338396665/_.png]
[thb.tildacdn.com/tild6230-3537-4864-a665-383338396665/-/resize/20x/_.png]
[static.tildacdn.com/tild3165-3037-4033-b235-363634636636/10_.png]
[thb.tildacdn.com/tild3165-3037-4033-b235-363634636636/-/resize/20x/10_.png]
[static.tildacdn.com/tild6134-6565-4231-a336-366530393430/12_00.png]
[thb.tildacdn.com/tild6134-6565-4231-a336-366530393430/-/resize/20x/12_00.png]
[static.tildacdn.com/tild6234-3363-4037-a331-333365646466/13_30.png]
[thb.tildacdn.com/tild6234-3363-4037-a331-333365646466/-/resize/20x/13_30.png]
[static.tildacdn.com/tild6465-3238-4332-a362-343730653866/20_00.png]
[thb.tildacdn.com/tild6465-3238-4332-a362-343730653866/-/resize/20x/20_00.png]
[thb.tildacdn.com/tild3830-3630-4138-b035-633139633164/-/resize/20x/_-__.png]
[thb.tildacdn.com/tild3536-3634-4035-b135-656537356231/-/resize/20x/photo.png]
[thb.tildacdn.com/tild6564-3938-4237-b339-343637343036/-/resize/20x/_.png]
[thb.tildacdn.com/tild3861-3333-4661-b034-316430666337/-/resize/20x/gift_box_with_bow-Ph.png]
[thb.tildacdn.com/tild3930-6264-4965-a330-343036343532/-/resize/20x/_____.png]
[maryinvite.ru/cosmos.html]
[static.tildacdn.com/tild3662-3132-4434-b231-653962666136/Frame_48.jpg]
[static.tildacdn.com/ws/project5119913/tilda-blocks-page70907985.min1a00.css]
[static.tildacdn.com/ws/project5119913/tilda-blocks-page70907985.min1a00.js]
[thb.tildacdn.com/tild3036-3734-4534-a662-383063303865/-/resize/20x/_.png]
[thb.tildacdn.com/tild3930-6632-4435-a639-653865646463/-/resize/20x/__3_2.png]
[static.tildacdn.com/js/tilda-phone-mask-1.1.min.js]
[static.tildacdn.com/css/tilda-date-picker-1.0.min.css]
[static.tildacdn.com/js/tilda-date-picker-1.0.min.js]
[static.tildacdn.com/css/tilda-range-1.0.min.css]
[static.tildacdn.com/js/tilda-range-1.0.min.js]
[thb.tildacdn.com/tild6563-3638-4363-b531-646337386533/-/resize/20x/mode_on.png]
[maryinvite.ru/questionnaire.html]
[static.tildacdn.com/tild3064-3364-4961-b438-343835633062/IMG_21791.jpg]
[static.tildacdn.com/ws/project5119913/tilda-blocks-page70910833.minfe65.css]
[static.tildacdn.com/ws/project5119913/tilda-blocks-page70910833.minfe65.js]
[static.tildacdn.com/tild6635-6564-4138-a636-383835306564/_.svg]
[static.tildacdn.com/tild3034-3035-4164-b738-353532656538/Group_1321314588.svg]
[static.tildacdn.com/tild6165-3566-4537-b236-636665363031/--2025-06-15-231716_.svg]
[static.tildacdn.com/tild6231-3437-4364-b031-633361326435/photo.svg]
[static.tildacdn.com/tild3063-6532-4530-a566-306234626263/IMG_2179.jpg]
[static.tildacdn.com/tild6333-3961-4839-b335-646362393964/photo.svg]
[static.tildacdn.com/tild3231-3333-4061-b233-316131336565/Group_1321314589.svg]
[static.tildacdn.com/tild3734-6266-4238-b230-343138353161/photo.svg]
[static.tildacdn.com/tild6138-3337-4165-a630-303038633234/photo.svg]
[static.tildacdn.com/tild3630-3462-4732-b334-663037633130/photo.svg]
[static.tildacdn.com/tild3639-6336-4235-a263-373935633038/Group_1321314593.svg]
[static.tildacdn.com/tild3532-3331-4733-a465-393639643933/1.svg]
[static.tildacdn.com/tild3432-6436-4436-b932-316462336261/photo.svg]
[static.tildacdn.com/tild3030-6463-4364-b865-336435613762/photo.svg]
[static.tildacdn.com/tild6132-3564-4635-b837-363234613933/73156fce7bd4ed106bf4.svg]
[static.tildacdn.com/tild3037-3233-4161-a235-643233336262/IMG_2182.jpg]
[maryinvite.ru/lashacademyopening.html]
[static.tildacdn.com/tild6134-3761-4137-b939-353335356462/44ee548a458316acf386.svg]
[static.tildacdn.com/tild3436-6432-4433-b631-373134613236/photo_2025-04-22_22-.jpg]
[static.tildacdn.com/ws/project5119913/tilda-blocks-page70907887.minc9aa.css]
[static.tildacdn.com/ws/project5119913/tilda-blocks-page70907887.minc9aa.js]
[thb.tildacdn.com/tild6364-3961-4133-a265-386466336464/-/resize/20x/photo.png]
[thb.tildacdn.com/tild6230-6230-4635-b263-343161613236/-/resize/20x/2.png]
[thb.tildacdn.com/tild3134-3334-4231-a366-323436656232/-/resize/20x/1.png]
[thb.tildacdn.com/tild3033-3164-4634-b062-616232636666/-/resize/20x/photo.png]
[thb.tildacdn.com/tild3439-3234-4766-b531-626262326132/-/resize/20x/IMG_3871.png]
[static.tildacdn.com/tild6161-3361-4166-b563-346265643034/_.svg]
[static.tildacdn.com/tild3231-3161-4437-b062-653034616537/__.svg]
[thb.tildacdn.com/tild3437-3434-4334-a364-353066373631/-/resize/20x/Airbrush-Airbrush-BG.png]
[static.tildacdn.com/tild6661-6461-4332-b830-616666393030/_________.svg]
[static.tildacdn.com/tild3331-6534-4634-b162-343237613431/Group_433.svg]
[thb.tildacdn.com/tild6664-3031-4434-b862-643964396164/-/resize/20x/IMG_5743.png]
[static.tildacdn.com/tild3234-3436-4433-b866-303835613339/photo.svg]
[thb.tildacdn.com/tild6433-3663-4137-b165-636132623662/-/resize/20x/Group_4494300.png]
[maryinvite.ru/musical_party.html]
[static.tildacdn.com/tild6631-3761-4532-a135-663432633165/photo.jpg]
[static.tildacdn.com/ws/project5119913/tilda-blocks-page62347925.minebfd.css]
[static.tildacdn.com/ws/project5119913/tilda-blocks-page62347925.minebfd.js]
[thb.tildacdn.com/tild3937-3430-4833-a330-333961396432/-/resize/20x/Mask_group-1.png]
[thb.tildacdn.com/tild3564-3263-4832-a336-356336663563/-/resize/20x/Mask_group-2.png]
[thb.tildacdn.com/tild3839-3436-4134-a631-643634636138/-/resize/20x/close.png]
[thb.tildacdn.com/tild6536-3261-4865-b832-316234643661/-/resize/20x/Mask_group.png]
[static.tildacdn.com/tild6333-3661-4164-a465-643563656533/2.svg]
[static.tildacdn.com/tild6630-6231-4035-b439-613837326134/1.svg]
[thb.tildacdn.com/tild3562-3961-4037-a261-663538303031/-/resize/20x/IMG_9075.png]
[static.tildacdn.com/tild3933-3966-4063-b836-363665373566/photo.svg]
[thb.tildacdn.com/tild6666-3233-4761-a332-396636623762/-/resize/20x/photo.png]
[thb.tildacdn.com/tild6639-6138-4734-b235-356338643536/-/resize/20x/photo.png]
[thb.tildacdn.com/tild6265-3438-4435-b730-343134353938/-/resize/20x/IMG_4357.png]
[megatimer.ru/get/2d7d7e8f02ae43984ce3f7a591c78ca6.js]
[thb.tildacdn.com/tild3334-6531-4633-a238-383261303733/-/resize/20x/photo.png]
[thb.tildacdn.com/tild3264-3338-4365-a466-373933313037/-/resize/20x/_.png]
[static.tildacdn.com/tild3238-6466-4939-b735-343731333237/photo.svg]
[thb.tildacdn.com/tild6263-6464-4636-a532-633032636561/-/resize/20x/CTHLWT.png]
[static.tildacdn.com/tild3631-6666-4161-b632-326337393765/Group_274.svg]
[static.tildacdn.com/tild3532-6363-4134-b436-623564646532/photo.svg]
[maryinvite.ru/valentinesday.html]
[static.tildacdn.com/tild3739-3335-4935-b162-646466616430/photo.svg]
[maryinvite.ru/NewYear-2.html]
[static.tildacdn.com/tild3137-6539-4362-a665-396566636163/IMG_1132.jpg]
[static.tildacdn.com/ws/project5119913/tilda-blocks-page70912891.mindd35.css]
[static.tildacdn.com/ws/project5119913/tilda-blocks-page70912891.mindd35.js]
[thb.tildacdn.com/tild6330-6365-4634-b535-303835613534/-/resize/20x/IMG_5741.png]
[static.tildacdn.com/tild3130-3237-4132-b830-623430663938/photo.svg]
[thb.tildacdn.com/tild3464-3665-4566-b435-646164313765/-/resize/20x/photo.png]
[static.tildacdn.com/tild6137-3663-4235-b233-393533623562/_.svg]
[thb.tildacdn.com/tild3638-3439-4061-a337-353062326265/-/resize/20x/IMG_8954.png]
[thb.tildacdn.com/tild3461-3830-4031-b539-373363393531/-/resize/20x/IMG_1647.png]
[static.tildacdn.com/tild3435-3938-4161-b363-326333386136/__.svg]
[static.tildacdn.com/tild3433-6134-4266-b566-663036363131/IMG_4893.png]
[thb.tildacdn.com/tild3433-6134-4266-b566-663036363131/-/resize/20x/IMG_4893.png]
[megatimer.ru/get/bf66508a0cb094408e192a3107d8ee7f.js]
[thb.tildacdn.com/tild6261-6437-4331-a636-373530313861/-/resize/20x/IMG_6363.png]
[thb.tildacdn.com/tild6633-3933-4330-b866-346233613236/-/resize/20x/photo.png]
[thb.tildacdn.com/tild3464-6130-4430-b233-633730333331/-/resize/20x/_.png]
[thb.tildacdn.com/tild6632-3938-4137-b461-386637303637/-/resize/20x/IMG_4625.png]
[thb.tildacdn.com/tild3530-3536-4963-b931-613036353638/-/resize/20x/Remove-bgai_17308752.png]
[maryinvite.ru/newyear.html]
[maryinvite.ru/${bgImg}.html]
[static.tildacdn.com/tild3838-6264-4662-a365-306266383030/kjuj.svg]
[static.tildacdn.com/tild6430-3439-4164-b830-376266653363/I_love_you.svg]
[static.tildacdn.com/tild6137-6438-4666-a363-646566363035/logo2.jpg]
[static.tildacdn.com/ws/project5119913/tilda-blocks-page45779465.min6ba5.css]
[maryinvite.ru/privacy.html]
[static.tildacdn.com/ws/project5119913/tilda-blocks-page62192129.min6ba5.css]
[static.tildacdn.com/tild3938-6436-4335-b137-363536366364/April.svg]
[static.tildacdn.com/tild3865-6331-4135-a537-353435646536/07042025.svg]
[static.tildacdn.com/tild6338-3630-4637-b734-373064636338/wedding.svg]
[static.tildacdn.com/tild6434-3734-4137-b235-386461353230/photo.svg]
[static.tildacdn.com/tild3138-6261-4437-a533-666132303539/photo.svg]
[static.tildacdn.com/tild3330-3132-4333-a336-376237316133/photo.svg]
[static.tildacdn.com/tild3637-3264-4962-b238-346362376163/photo.svg]
[static.tildacdn.com/tild3362-3466-4531-b836-616631616635/photo.svg]
[static.tildacdn.com/tild6266-3961-4036-a134-306165333264/__.svg]
[static.tildacdn.com/tild6434-3535-4935-a436-343933633561/location.svg]
[static.tildacdn.com/tild3961-6233-4062-a164-666237323064/photo.svg]
[static.tildacdn.com/tild6262-6533-4639-b363-656537363037/_.svg]
[static.tildacdn.com/tild3766-6563-4534-b331-323638323839/Love_forever.svg]
[static.tildacdn.com/tild6662-3434-4166-b634-386263363038/__.svg]
[static.tildacdn.com/tild3637-6532-4932-b162-613334343765/_.svg]
[static.tildacdn.com/tild6439-6537-4162-b966-326237343363/_.svg]
[static.tildacdn.com/tild6135-3162-4961-b161-633337636331/ve.svg]
[static.tildacdn.com/tild3437-3666-4039-b231-323736323234/__.svg]
[static.tildacdn.com/tild3164-6239-4161-b561-333233613065/___.svg]
[static.tildacdn.com/ws/project5119913/tilda-blocks-page55253005.min6ba5.css]
[static.tildacdn.com/tild3936-6664-4261-b337-623063653032/photo.svg]
[static.tildacdn.com/tild6235-6530-4566-b734-613663623661/photo.svg]
[static.tildacdn.com/tild6364-3466-4064-b436-323936386564/_.svg]
[static.tildacdn.com/tild3938-3165-4535-b038-646162653663/27_.svg]
[static.tildacdn.com/tild3634-6631-4561-a464-633066303664/photo.svg]
[static.tildacdn.com/tild6265-3630-4736-a630-643834346339/photo.svg]
[static.tildacdn.com/tild3130-3066-4534-b066-363563336237/_.svg]
[static.tildacdn.com/tild6465-3431-4665-b430-613236643838/photo.svg]
[static.tildacdn.com/tild3435-6264-4964-a461-666237333963/photo.svg]
[static.tildacdn.com/tild6231-6633-4339-a531-396139313235/_.svg]
[static.tildacdn.com/tild3139-6465-4232-b935-353338343866/_14.svg]
[static.tildacdn.com/tild3063-6131-4462-b338-633230636437/_14.svg]
[static.tildacdn.com/tild6463-3231-4163-b561-336130363364/_14.svg]
[static.tildacdn.com/tild3062-3831-4165-b836-636632363462/photo.svg]
[static.tildacdn.com/tild3432-3031-4364-a266-636536373836/Group_220.svg]
[static.tildacdn.com/tild3563-3137-4531-b031-646465323161/-.svg]
[static.tildacdn.com/tild6239-6138-4732-a366-356434303163/photo.svg]
[static.tildacdn.com/tild3137-3334-4535-a362-663935646238/photo.svg]
[static.tildacdn.com/tild3361-3735-4465-a664-343538623138/photo.svg]
[static.tildacdn.com/tild3930-3232-4737-b331-643966323238/photo.svg]
[static.tildacdn.com/tild3035-6539-4430-a435-376632633236/photo.svg]
[static.tildacdn.com/tild3132-3038-4831-b436-663764316239/photo.svg]
[static.tildacdn.com/ws/project5119913/tilda-blocks-page56152873.min6ba5.css]
[static.tildacdn.com/css/tilda-zero-gallery-1.0.min.css]
[maryinvite.ru/${shapeBgUrl}.html]
[maryinvite.ru/${miniatureLinksList[i]}.html]
[static.tildacdn.com/tild6466-6566-4638-a333-353565616439/Group_213.svg]
[cdnjs.cloudflare.com/ajax/libs/slick-carousel/1.8.1/slick.min.css]
[static.tildacdn.com/ws/project5119913/tilda-blocks-page45779465.min6ba5.js]
[cdnjs.cloudflare.com/ajax/libs/slick-carousel/1.8.1/ajax-loader.gif]
[cdnjs.cloudflare.com/ajax/libs/slick-carousel/1.8.1/fonts/slick.eot]
[cdnjs.cloudflare.com/ajax/libs/slick-carousel/1.8.1/fonts/slickd41d.eot]
[cdnjs.cloudflare.com/ajax/libs/slick-carousel/1.8.1/fonts/slick.woff]
[cdnjs.cloudflare.com/ajax/libs/slick-carousel/1.8.1/fonts/slick.ttf]
[cdnjs.cloudflare.com/ajax/libs/slick-carousel/1.8.1/slick-theme.min.css]
[maryinvite.ru/Letter-2.html]
[static.tildacdn.com/ws/project5119913/tilda-blocks-page70773543.mine344.css]
[static.tildacdn.com/tild6538-6630-4334-b836-313162663033/photo.svg]
[static.tildacdn.com/tild3833-3763-4562-b161-346331323264/photo.svg]
[static.tildacdn.com/tild6363-6138-4865-b236-643031666431/2.svg]
[static.tildacdn.com/tild3664-3230-4533-b238-353762643032/photo.svg]
[static.tildacdn.com/tild3532-3338-4962-b366-656232376136/Frame_10.svg]
[static.tildacdn.com/tild3835-3539-4135-b035-386237663332/OBJECTS.svg]
[static.tildacdn.com/tild6330-6631-4465-b034-313863303738/_.svg]
[static.tildacdn.com/tild6334-3237-4431-a533-643666653238/_.svg]
[static.tildacdn.com/tild6132-3039-4065-a334-336137363835/photo.svg]
[static.tildacdn.com/tild6136-6131-4535-a562-643731663361/photo.svg]
[static.tildacdn.com/tild3033-6264-4263-a130-383531646339/photo.svg]
[static.tildacdn.com/tild3662-3534-4636-b338-623637336137/2.svg]
[static.tildacdn.com/tild3166-3332-4531-b631-346466633730/photo.svg]
[static.tildacdn.com/tild3665-6662-4630-b366-663438643664/Group.svg]
[static.tildacdn.com/tild3730-3736-4332-b338-333831353837/_-_.svg]
[static.tildacdn.com/tild6437-3938-4333-b034-663163373261/photo.svg]
[static.tildacdn.com/tild6361-6665-4664-b734-333031313865/1.svg]
[static.tildacdn.com/tild3936-3865-4834-a132-623433663039/2.svg]
[static.tildacdn.com/tild6337-3933-4863-b964-633430333530/3.svg]
[static.tildacdn.com/tild3666-3633-4064-b534-653464306139/photo.svg]
[static.tildacdn.com/tild3766-6334-4366-b863-646639313137/djncfg.svg]
[static.tildacdn.com/tild3937-6665-4562-b365-363838626232/___.svg]
[static.tildacdn.com/tild6130-6434-4930-b538-366162333466/photo.svg]
[static.tildacdn.com/tild3037-6561-4534-a562-306163323964/_.svg]
[static.tildacdn.com/tild3463-3031-4861-b261-616438303766/Group.svg]
[static.tildacdn.com/tild6365-3061-4930-b039-343763613233/____.svg]
[static.tildacdn.com/ws/project5119913/tilda-blocks-page66677481.min6ba5.css]
[static.tildacdn.com/tild6266-6530-4238-a133-376633316237/1.svg]
[static.tildacdn.com/tild6366-3132-4565-a336-613639613739/2.svg]
[cdnjs.cloudflare.com/ajax/libs/slick-carousel/1.8.1/fonts/slick.svg]
[static.tildacdn.com/tild3364-6633-4035-b630-393139656335/_.svg]
[static.tildacdn.com/tild3261-3063-4465-b639-666134666639/_1_1.svg]
[static.tildacdn.com/tild6435-3166-4337-b365-343839326336/___.svg]
[static.tildacdn.com/tild6433-3535-4265-b561-623065316135/_.svg]
[static.tildacdn.com/tild6137-3761-4961-a662-346637306232/_.svg]
[static.tildacdn.com/tild6461-3931-4935-b361-653363356631/19__2025_.svg]
[static.tildacdn.com/tild6564-3932-4532-a162-383333336630/___2.svg]
[static.tildacdn.com/tild3233-3134-4264-b435-393362613261/_.svg]
[static.tildacdn.com/tild6635-6464-4839-b733-303063653735/photo.svg]
[static.tildacdn.com/tild6465-6133-4831-b263-386365643232/photo.svg]
[static.tildacdn.com/tild3035-6437-4665-b362-626462386233/_15.svg]
[static.tildacdn.com/tild3033-6437-4736-b264-346662616236/15_00.svg]
[static.tildacdn.com/tild6566-6561-4866-a636-363635663532/16_00.svg]
[static.tildacdn.com/tild3936-6235-4936-a633-643563646662/_.svg]
[static.tildacdn.com/tild6532-3566-4363-b234-616431396265/photo.svg]
[static.tildacdn.com/tild6631-6564-4339-b136-323765393732/23_00.svg]
[static.tildacdn.com/tild6335-3831-4562-b332-613761643965/photo.svg]
[static.tildacdn.com/tild6363-3934-4565-b866-323739373436/photo.svg]
[static.tildacdn.com/tild6566-3536-4134-b036-663037346339/15_30.svg]
[static.tildacdn.com/tild3032-3330-4939-a261-323962623536/photo.svg]
[static.tildacdn.com/tild3766-3335-4166-a462-396532613132/_-_.svg]
[static.tildacdn.com/tild3638-3633-4761-b765-333133376336/_21.svg]
[static.tildacdn.com/tild6163-3066-4836-b830-363862373238/photo.svg]
[static.tildacdn.com/tild3535-6262-4437-b033-633237323735/_3.svg]
[static.tildacdn.com/tild6334-3938-4932-b831-316264346530/_4.svg]
[static.tildacdn.com/tild6630-3139-4532-a661-643433323936/_2.svg]
[static.tildacdn.com/tild3138-6432-4530-b261-323837633334/_.svg]
[static.tildacdn.com/tild6461-3265-4834-b837-313937616438/_3.svg]
[static.tildacdn.com/tild3238-6434-4565-b764-373930653366/_.svg]
[static.tildacdn.com/tild3332-6533-4730-b530-333265353164/___2.svg]
[static.tildacdn.com/tild3531-6563-4035-b339-376539396162/_.svg]
[static.tildacdn.com/tild6665-3864-4435-a334-333531663664/__.svg]
[static.tildacdn.com/tild3962-3335-4663-a136-313236303437/photo.svg]
[static.tildacdn.com/ws/project5119913/tilda-blocks-page55595419.min6ba5.css]
[static.tildacdn.com/tild3265-6237-4237-a437-343130653830/___HEBECTA_.svg]
[static.tildacdn.com/tild3064-3164-4433-b264-356538353330/image_2025-03-12_11-.svg]
[static.tildacdn.com/tild6630-3563-4364-b632-653262396431/photo.svg]
[static.tildacdn.com/tild3233-3834-4538-a236-326636303036/photo.svg]
[static.tildacdn.com/tild3933-3434-4738-b761-353837386238/photo.svg]
[static.tildacdn.com/tild3535-3231-4836-b932-303066316134/_.svg]
[static.tildacdn.com/tild6437-3434-4636-a334-326161653365/photo.svg]
[static.tildacdn.com/tild6562-6136-4762-a631-363735613937/photo.svg]
[static.tildacdn.com/tild6562-3634-4036-a162-393134653164/_.svg]
[static.tildacdn.com/tild3631-6133-4962-a238-343236636630/photo.svg]
[static.tildacdn.com/tild3838-3431-4231-b233-613331663462/photo.svg]
[static.tildacdn.com/tild6234-6566-4935-b562-636334346533/_.svg]
[static.tildacdn.com/tild3961-6565-4233-b438-353136383533/photo.svg]
[static.tildacdn.com/tild6131-6431-4634-b635-643230363033/_.svg]
[static.tildacdn.com/tild3137-6135-4833-b731-636537656639/12_00.svg]
[static.tildacdn.com/tild3938-6661-4262-b063-356637306338/photo.svg]
[static.tildacdn.com/tild3732-3761-4363-b663-343063323937/14_00.svg]
[static.tildacdn.com/tild6530-6165-4464-b865-326162333032/photo.svg]
[static.tildacdn.com/tild6236-3936-4132-b165-373135386139/18_00.svg]
[static.tildacdn.com/tild3964-3666-4539-a263-663539666364/photo.svg]
[static.tildacdn.com/tild3962-6261-4136-a433-376234313063/2.svg]
[static.tildacdn.com/tild3263-6132-4235-a530-346630633131/_-_.svg]
[static.tildacdn.com/tild3466-3432-4265-b034-613239633765/__.svg]
[static.tildacdn.com/tild3663-3638-4165-b639-353032393436/2.svg]
[static.tildacdn.com/tild3561-3963-4063-b831-613737326136/__.svg]
[static.tildacdn.com/tild6535-3861-4664-b334-363833383433/photo.svg]
[static.tildacdn.com/tild3034-6331-4466-a637-376137633966/3.svg]
[static.tildacdn.com/tild3464-6430-4463-a232-633962623062/2.svg]
[static.tildacdn.com/tild6635-6232-4736-b863-313838373132/_.svg]
[static.tildacdn.com/tild3966-3062-4833-a366-373066363563/_.svg]
[static.tildacdn.com/tild6132-6230-4230-b334-356265343337/_1.svg]
[static.tildacdn.com/tild6539-3831-4262-a164-386136326564/___.svg]
[static.tildacdn.com/tild3164-6465-4632-a531-373164643635/photo.svg]
[static.tildacdn.com/tild3566-3965-4661-b864-623738366437/__.svg]
[static.tildacdn.com/tild3861-6239-4235-a237-643462353939/____.svg]
[static.tildacdn.com/tild3265-3061-4866-b930-653031633233/photo.svg]
[static.tildacdn.com/ws/project5119913/tilda-blocks-page55493097.min6ba5.css]
[static.tildacdn.com/tild3834-3835-4235-a561-633935373538/photo.svg]
[static.tildacdn.com/tild6132-3262-4830-a639-343364623463/photo.svg]
[static.tildacdn.com/tild3239-6463-4537-a533-326239636161/photo.svg]
[static.tildacdn.com/tild6361-3062-4664-b763-366530346439/____.svg]
[static.tildacdn.com/tild3136-3863-4164-a636-376264363437/photo.svg]
[static.tildacdn.com/tild3637-6239-4962-b434-386531663966/photo.svg]
[static.tildacdn.com/tild6439-3635-4430-a338-656531373062/photo.svg]
[static.tildacdn.com/tild6436-3662-4835-a635-383161623436/___.svg]
[static.tildacdn.com/tild6265-6164-4334-a164-396462336261/___.svg]
[static.tildacdn.com/tild3761-3839-4232-a166-336530363832/_.svg]
[static.tildacdn.com/tild3562-3635-4233-b439-653261313837/photo.svg]
[static.tildacdn.com/tild6362-3431-4539-b739-623636666364/_.svg]
[static.tildacdn.com/tild6431-6566-4837-b663-346430333739/_.svg]
[static.tildacdn.com/tild3832-6264-4164-b666-313461333839/_.svg]
[static.tildacdn.com/tild3262-3065-4262-b235-646433626530/2.svg]
[static.tildacdn.com/tild3438-6138-4461-b936-333562666266/photo.svg]
[static.tildacdn.com/tild6133-3963-4732-a336-313562633231/photo.svg]
[static.tildacdn.com/tild3064-6334-4135-a632-303033613262/photo.svg]
[static.tildacdn.com/tild6433-3431-4666-b931-383133333262/_-_.svg]
[static.tildacdn.com/tild3038-3634-4065-a662-353233363336/_.svg]
[static.tildacdn.com/tild3033-3564-4263-b531-303535383731/_2.svg]
[static.tildacdn.com/tild3963-3262-4632-b439-393332366632/___.svg]
[static.tildacdn.com/tild3565-3262-4532-b864-653363643137/_.svg]
[static.tildacdn.com/tild3865-3430-4830-b234-326562653435/photo.svg]
[static.tildacdn.com/ws/project5119913/tilda-blocks-page55404427.min6ba5.css]
[static.tildacdn.com/tild6461-3566-4531-b734-646566326237/svg_1727202866580.svg]
[static.tildacdn.com/tild3832-3736-4035-b164-663562653466/_.svg]
[static.tildacdn.com/tild3030-6436-4561-b134-613132313132/_.svg]
[static.tildacdn.com/tild3033-3263-4834-a633-386562386333/svg_1727203873604.svg]
[static.tildacdn.com/tild6630-6231-4066-a236-343164363063/_.svg]
[static.tildacdn.com/tild3138-3939-4061-b436-346437363930/photo.svg]
[static.tildacdn.com/tild3763-3135-4631-a365-633035356533/_.svg]
[static.tildacdn.com/tild3461-6462-4131-b065-643730356533/CTYNZHMRHFCYSQ.svg]
[static.tildacdn.com/tild6136-3965-4430-b664-663735366535/svg_1727239948061.svg]
[static.tildacdn.com/tild3865-3466-4537-a566-353337303661/photo.svg]
[static.tildacdn.com/tild3732-3864-4962-b636-393662376431/photo.svg]
[static.tildacdn.com/tild3564-3836-4366-b930-356165393064/photo.svg]
[static.tildacdn.com/tild3637-3231-4564-b032-393136323231/2.svg]
[static.tildacdn.com/tild6537-3438-4831-b865-376435376161/photo.svg]
[static.tildacdn.com/tild3964-3636-4463-a132-373137333136/2.svg]
[static.tildacdn.com/tild6133-3365-4365-b265-343666663331/_-_.svg]
[static.tildacdn.com/tild3031-6534-4134-a364-333038613036/_.svg]
[static.tildacdn.com/tild6133-3232-4661-b066-333634343832/photo.svg]
[static.tildacdn.com/tild3738-3264-4931-a464-626430623733/photo.svg]
[static.tildacdn.com/tild3263-3936-4638-b839-343336313032/_.svg]
[static.tildacdn.com/tild6230-6631-4861-a139-363964626265/photo.svg]
[static.tildacdn.com/tild6561-3365-4637-b338-663166613061/_.svg]
[static.tildacdn.com/ws/project5119913/tilda-blocks-page48203909.min6ba5.css]
[static.tildacdn.com/tild6135-3238-4465-b631-323763636566/photo.svg]
[static.tildacdn.com/tild6361-3932-4535-a230-373231366334/music.svg]
[static.tildacdn.com/tild3463-3461-4564-b264-303531616531/music_no.svg]
[static.tildacdn.com/tild3535-6537-4735-b539-323766303361/photo.svg]
[static.tildacdn.com/tild3932-3661-4139-a465-376164366535/photo.svg]
[static.tildacdn.com/tild3164-6330-4362-b736-306438363830/photo.svg]
[static.tildacdn.com/ws/project5119913/tilda-blocks-page44375883.min6ba5.css]
[static.tildacdn.com/tild3737-3234-4563-a466-663839643737/_.svg]
[static.tildacdn.com/ws/project5119913/tilda-blocks-page48224911.min6ba5.css]
[static.tildacdn.com/tild3930-3036-4332-a233-626563326137/music.svg]
[static.tildacdn.com/tild3533-3630-4333-a634-653965363130/music_no.svg]
[static.tildacdn.com/tild3065-3134-4134-a634-386666353335/_14x1234_1.svg]
[static.tildacdn.com/tild6161-6637-4438-b235-613434646637/blue_love.svg]
[maryinvite.ru/love_story-2.html]
[static.tildacdn.com/ws/project5119913/tilda-blocks-page44797571.min6ba5.css]
[static.tildacdn.com/tild3835-3663-4565-b562-306233383532/save_our_dates.svg]
[static.tildacdn.com/tild3363-3164-4435-a434-653633316437/Group_338.svg]
[static.tildacdn.com/tild6661-6137-4066-a639-346463396461/__2.svg]
[maryinvite.ru/${imgUrl}.html]
[static.tildacdn.com/tild3362-6637-4631-a539-333836663763/photo.svg]
[static.tildacdn.com/tild6530-6661-4161-a530-373365396138/_.svg]
[static.tildacdn.com/tild6430-3439-4339-b735-613833366334/_.svg]
[static.tildacdn.com/ws/project5119913/tilda-blocks-page48474749.min6ba5.css]
[static.tildacdn.com/ws/project5119913/tilda-blocks-page26112594.min6ba5.css]
[static.tildacdn.com/tild3063-3832-4630-b036-386432616661/music.svg]
[static.tildacdn.com/tild6463-3139-4531-a338-363635393133/music_no.svg]
[static.tildacdn.com/tild3331-3066-4764-b836-333264353238/m.svg]
[static.tildacdn.com/tild6232-3364-4331-b064-623964323335/m.svg]
[static.tildacdn.com/tild6634-6132-4263-a162-316165613962/Group_130.svg]
[static.tildacdn.com/tild3461-6439-4562-a565-346439666236/photo.svg]
[static.tildacdn.com/tild6665-3934-4734-b131-363861636536/m.svg]
[static.tildacdn.com/tild3263-3063-4738-a531-353532393630/photo.svg]
[static.tildacdn.com/tild3237-3435-4662-a637-343439373761/m.svg]
[static.tildacdn.com/tild3431-3433-4262-a132-626466623938/_.svg]
[static.tildacdn.com/tild6231-3135-4539-b463-623631303161/_.svg]
[static.tildacdn.com/tild3239-3538-4166-b030-376235393735/m.svg]
[static.tildacdn.com/ws/project5119913/tilda-blocks-page64943483.min0f8f.css]
[maryinvite.ru/Lily-2.html]
[static.tildacdn.com/ws/project5119913/tilda-blocks-page67008739.minb503.css]
[static.tildacdn.com/ws/project5119913/tilda-blocks-page67008739.minb503.js]
[maryinvite.ru/lily.html]
[static.tildacdn.com/ws/project5119913/tilda-blocks-page67082365.minc8e5.css]
[static.tildacdn.com/tild6433-3232-4262-b730-656234653436/_.svg]
[static.tildacdn.com/tild6234-3565-4337-b431-353033313439/26_04_25_.svg]
[static.tildacdn.com/tild6561-6666-4132-b937-343839646339/photo.svg]
[static.tildacdn.com/tild6130-3063-4736-b064-373831333464/photo.svg]
[static.tildacdn.com/tild3331-3534-4935-a439-643764666661/Group_400.svg]
[static.tildacdn.com/tild3632-6533-4137-a336-653662383463/photo.svg]
[static.tildacdn.com/tild6462-3338-4436-b937-663866396639/ktr.svg]
[static.tildacdn.com/tild3833-6130-4339-a661-313332636262/_.svg]
[maryinvite.ru/Barbie_birthday-2.html]
[static.tildacdn.com/ws/project5119913/tilda-blocks-page69823789.minc509.css]
[static.tildacdn.com/tild3863-6434-4366-b935-303237383430/Barbie.svg]
[static.tildacdn.com/tild3238-3933-4765-b763-326232343965/photo.svg]
[static.tildacdn.com/tild3130-6439-4133-a464-393433636635/photo.svg]
[static.tildacdn.com/tild6563-6364-4263-a133-323633393735/Star_25.svg]
[static.tildacdn.com/tild3337-3139-4437-b266-316665363365/_.svg]
[static.tildacdn.com/tild3239-3962-4336-a235-363936373965/photo.svg]
[static.tildacdn.com/tild3861-3336-4232-b965-663263636261/6.svg]
[static.tildacdn.com/tild3464-3238-4265-b965-396666313534/_.svg]
[static.tildacdn.com/tild6533-3133-4565-a564-393265306336/_16_00.svg]
[static.tildacdn.com/tild3066-3466-4064-a630-316234633764/_-_.svg]
[static.tildacdn.com/tild6339-3764-4632-a262-613632346337/_.svg]
[static.tildacdn.com/ws/project5119913/tilda-blocks-page26961156.min488e.css]
[static.tildacdn.com/tild6261-3432-4439-b161-663134373430/underline7.svg]
[static.tildacdn.com/tild3435-3630-4032-b161-663837353665/underline4.svg]
[static.tildacdn.com/ws/project5119913/tilda-blocks-page70907985.min1a00.css]
[static.tildacdn.com/css/tilda-date-picker-1.0.min.css]
[static.tildacdn.com/css/tilda-range-1.0.min.css]
[static.tildacdn.com/ws/project5119913/tilda-blocks-page70910833.minfe65.css]
[static.tildacdn.com/tild6635-6564-4138-a636-383835306564/_.svg]
[static.tildacdn.com/tild3034-3035-4164-b738-353532656538/Group_1321314588.svg]
[static.tildacdn.com/tild6165-3566-4537-b236-636665363031/--2025-06-15-231716_.svg]
[static.tildacdn.com/tild6231-3437-4364-b031-633361326435/photo.svg]
[static.tildacdn.com/tild6333-3961-4839-b335-646362393964/photo.svg]
[static.tildacdn.com/tild3231-3333-4061-b233-316131336565/Group_1321314589.svg]
[static.tildacdn.com/tild3734-6266-4238-b230-343138353161/photo.svg]
[static.tildacdn.com/tild6138-3337-4165-a630-303038633234/photo.svg]
[static.tildacdn.com/tild3630-3462-4732-b334-663037633130/photo.svg]
[static.tildacdn.com/tild3639-6336-4235-a263-373935633038/Group_1321314593.svg]
[static.tildacdn.com/tild3532-3331-4733-a465-393639643933/1.svg]
[static.tildacdn.com/tild3432-6436-4436-b932-316462336261/photo.svg]
[static.tildacdn.com/tild3030-6463-4364-b865-336435613762/photo.svg]
[static.tildacdn.com/tild6132-3564-4635-b837-363234613933/73156fce7bd4ed106bf4.svg]
[static.tildacdn.com/tild6134-3761-4137-b939-353335356462/44ee548a458316acf386.svg]
[static.tildacdn.com/ws/project5119913/tilda-blocks-page70907887.minc9aa.css]
[static.tildacdn.com/tild6161-3361-4166-b563-346265643034/_.svg]
[static.tildacdn.com/tild3231-3161-4437-b062-653034616537/__.svg]
[static.tildacdn.com/tild6661-6461-4332-b830-616666393030/_________.svg]
[static.tildacdn.com/tild3331-6534-4634-b162-343237613431/Group_433.svg]
[static.tildacdn.com/tild3234-3436-4433-b866-303835613339/photo.svg]
[static.tildacdn.com/ws/project5119913/tilda-blocks-page62347925.minebfd.css]
[static.tildacdn.com/tild6333-3661-4164-a465-643563656533/2.svg]
[static.tildacdn.com/tild6630-6231-4035-b439-613837326134/1.svg]
[static.tildacdn.com/tild3933-3966-4063-b836-363665373566/photo.svg]
[static.tildacdn.com/tild3238-6466-4939-b735-343731333237/photo.svg]
[static.tildacdn.com/tild3631-6666-4161-b632-326337393765/Group_274.svg]
[static.tildacdn.com/tild3532-6363-4134-b436-623564646532/photo.svg]
[static.tildacdn.com/tild3739-3335-4935-b162-646466616430/photo.svg]
[maryinvite.ru/NewYear-2.html]
[static.tildacdn.com/ws/project5119913/tilda-blocks-page70912891.mindd35.css]
[static.tildacdn.com/tild3130-3237-4132-b830-623430663938/photo.svg]
[static.tildacdn.com/tild6137-3663-4235-b233-393533623562/_.svg]
[static.tildacdn.com/tild3435-3938-4161-b363-326333386136/__.svg]
[static.tildacdn.com/tild6430-3439-4164-b830-376266653363/I_love_you.svg]
[static.tildacdn.com/ws/project5119913/tilda-blocks-page45779465.min6ba5.css]
[cdnjs.cloudflare.com/ajax/libs/slick-carousel/1.8.1/fonts/slick.svg]
[maryinvite.ru/Lily-2.html]
[static.tildacdn.com/ws/project5119913/tilda-blocks-page67008739.minb503.css]
